2023-01-25 12:07:24.794  INFO 16920 --- [restartedMain] n.d.c.c.MicroserviceCartoesApplication   : Starting MicroserviceCartoesApplication using Java 11.0.16.1 on GOVBR8499 with PID 16920 (C:\Users\thiago.melo\IdeaProjects\microsservicos-credito-api\microservice-cartoes\target\classes started by thiago.melo in C:\Users\thiago.melo\IdeaProjects\microsservicos-credito-api\microservice-cartoes)
2023-01-25 12:07:24.801  INFO 16920 --- [restartedMain] n.d.c.c.MicroserviceCartoesApplication   : The following 1 profile is active: "local"
2023-01-25 12:07:24.870  INFO 16920 --- [restartedMain] .e.DevToolsPropertyDefaultsPostProcessor : Devtools property defaults active! Set 'spring.devtools.add-properties' to 'false' to disable
2023-01-25 12:07:24.870  INFO 16920 --- [restartedMain] .e.DevToolsPropertyDefaultsPostProcessor : For additional web related logging consider setting the 'logging.level.web' property to 'DEBUG'
2023-01-25 12:07:26.511  INFO 16920 --- [restartedMain] .s.d.r.c.RepositoryConfigurationDelegate : Bootstrapping Spring Data JPA repositories in DEFAULT mode.
2023-01-25 12:07:26.760  INFO 16920 --- [restartedMain] .s.d.r.c.RepositoryConfigurationDelegate : Finished Spring Data repository scanning in 232 ms. Found 2 JPA repository interfaces.
2023-01-25 12:07:27.184  INFO 16920 --- [restartedMain] o.s.cloud.context.scope.GenericScope     : BeanFactory id=0cff0ff8-c020-3e16-be0b-5a0749ba28f4
2023-01-25 12:07:28.417  INFO 16920 --- [restartedMain] o.s.b.w.embedded.tomcat.TomcatWebServer  : Tomcat initialized with port(s): 0 (http)
2023-01-25 12:07:28.439  INFO 16920 --- [restartedMain] o.apache.catalina.core.StandardService   : Starting service [Tomcat]
2023-01-25 12:07:28.440  INFO 16920 --- [restartedMain] org.apache.catalina.core.StandardEngine  : Starting Servlet engine: [Apache Tomcat/9.0.60]
2023-01-25 12:07:28.706  INFO 16920 --- [restartedMain] o.a.c.c.C.[Tomcat].[localhost].[/]       : Initializing Spring embedded WebApplicationContext
2023-01-25 12:07:28.707  INFO 16920 --- [restartedMain] w.s.c.ServletWebServerApplicationContext : Root WebApplicationContext: initialization completed in 3836 ms
2023-01-25 12:07:28.966  INFO 16920 --- [restartedMain] com.zaxxer.hikari.HikariDataSource       : HikariPool-1 - Starting...
2023-01-25 12:07:29.327  INFO 16920 --- [restartedMain] com.zaxxer.hikari.HikariDataSource       : HikariPool-1 - Start completed.
2023-01-25 12:07:29.343  INFO 16920 --- [restartedMain] o.s.b.a.h2.H2ConsoleAutoConfiguration    : H2 console available at '/h2-console'. Database available at 'jdbc:h2:mem:fb4686b7-8a60-407e-9dad-466bb47334a8'
2023-01-25 12:07:29.754  INFO 16920 --- [restartedMain] o.hibernate.jpa.internal.util.LogHelper  : HHH000204: Processing PersistenceUnitInfo [name: default]
2023-01-25 12:07:29.869  INFO 16920 --- [restartedMain] org.hibernate.Version                    : HHH000412: Hibernate ORM core version 5.6.7.Final
2023-01-25 12:07:30.222  INFO 16920 --- [restartedMain] o.hibernate.annotations.common.Version   : HCANN000001: Hibernate Commons Annotations {5.1.2.Final}
2023-01-25 12:07:30.455  INFO 16920 --- [restartedMain] org.hibernate.dialect.Dialect            : HHH000400: Using dialect: org.hibernate.dialect.H2Dialect
2023-01-25 12:07:31.668  INFO 16920 --- [restartedMain] o.h.e.t.j.p.i.JtaPlatformInitiator       : HHH000490: Using JtaPlatform implementation: [org.hibernate.engine.transaction.jta.platform.internal.NoJtaPlatform]
2023-01-25 12:07:31.679  INFO 16920 --- [restartedMain] j.LocalContainerEntityManagerFactoryBean : Initialized JPA EntityManagerFactory for persistence unit 'default'
2023-01-25 12:07:32.691  WARN 16920 --- [restartedMain] JpaBaseConfiguration$JpaWebConfiguration : spring.jpa.open-in-view is enabled by default. Therefore, database queries may be performed during view rendering. Explicitly configure spring.jpa.open-in-view to disable this warning
2023-01-25 12:07:34.938  INFO 16920 --- [restartedMain] o.s.b.d.a.OptionalLiveReloadServer       : LiveReload server is running on port 35729
2023-01-25 12:07:35.313  INFO 16920 --- [restartedMain] DiscoveryClientOptionalArgsConfiguration : Eureka HTTP Client uses RestTemplate.
2023-01-25 12:07:35.416  WARN 16920 --- [restartedMain] iguration$LoadBalancerCaffeineWarnLogger : Spring Cloud LoadBalancer is currently working with the default cache. While this cache implementation is useful for development and tests, it's recommended to use Caffeine cache in production.You can switch to using Caffeine cache, by adding it and org.springframework.cache.caffeine.CaffeineCacheManager to the classpath.
2023-01-25 12:07:35.426  INFO 16920 --- [restartedMain] o.s.b.a.e.web.EndpointLinksResolver      : Exposing 17 endpoint(s) beneath base path '/actuator'
2023-01-25 12:07:35.559  INFO 16920 --- [restartedMain] o.s.b.w.embedded.tomcat.TomcatWebServer  : Tomcat started on port(s): 62232 (http) with context path ''
2023-01-25 12:07:35.561  INFO 16920 --- [restartedMain] .s.c.n.e.s.EurekaAutoServiceRegistration : Updating port to 62232
2023-01-25 12:07:35.568  INFO 16920 --- [restartedMain] o.s.c.n.eureka.InstanceInfoFactory       : Setting initial instance status as: STARTING
2023-01-25 12:07:35.683  INFO 16920 --- [restartedMain] com.netflix.discovery.DiscoveryClient    : Initializing Eureka in region us-east-1
2023-01-25 12:07:35.691  INFO 16920 --- [restartedMain] c.n.d.s.r.aws.ConfigClusterResolver      : Resolving eureka endpoints via configuration
2023-01-25 12:07:35.725  INFO 16920 --- [restartedMain] com.netflix.discovery.DiscoveryClient    : Disable delta property : false
2023-01-25 12:07:35.725  INFO 16920 --- [restartedMain] com.netflix.discovery.DiscoveryClient    : Single vip registry refresh property : null
2023-01-25 12:07:35.725  INFO 16920 --- [restartedMain] com.netflix.discovery.DiscoveryClient    : Force full registry fetch : false
2023-01-25 12:07:35.725  INFO 16920 --- [restartedMain] com.netflix.discovery.DiscoveryClient    : Application is null : false
2023-01-25 12:07:35.726  INFO 16920 --- [restartedMain] com.netflix.discovery.DiscoveryClient    : Registered Applications size is zero : true
2023-01-25 12:07:35.726  INFO 16920 --- [restartedMain] com.netflix.discovery.DiscoveryClient    : Application version is -1: true
2023-01-25 12:07:35.726  INFO 16920 --- [restartedMain] com.netflix.discovery.DiscoveryClient    : Getting all instance registry info from the eureka server
2023-01-25 12:07:36.244  INFO 16920 --- [restartedMain] com.netflix.discovery.DiscoveryClient    : The response status is 200
2023-01-25 12:07:36.246  INFO 16920 --- [restartedMain] com.netflix.discovery.DiscoveryClient    : Starting heartbeat executor: renew interval is: 30
2023-01-25 12:07:36.249  INFO 16920 --- [restartedMain] c.n.discovery.InstanceInfoReplicator     : InstanceInfoReplicator onDemand update allowed rate per min is 4
2023-01-25 12:07:36.256  INFO 16920 --- [restartedMain] com.netflix.discovery.DiscoveryClient    : Discovery Client initialized at timestamp 1674659256255 with initial instances count: 0
2023-01-25 12:07:36.258  INFO 16920 --- [restartedMain] o.s.c.n.e.s.EurekaServiceRegistry        : Registering application MICROSERVICE-CARTOES with eureka with status UP
2023-01-25 12:07:36.259  INFO 16920 --- [restartedMain] com.netflix.discovery.DiscoveryClient    : Saw local status change event StatusChangeEvent [timestamp=1674659256259, current=UP, previous=STARTING]
2023-01-25 12:07:36.261  INFO 16920 --- [DiscoveryClient-InstanceInfoReplicator-0] com.netflix.discovery.DiscoveryClient    : DiscoveryClient_MICROSERVICE-CARTOES/microservice-cartoes:18a5fe4ba0d3f3e159a647fc69529cea: registering service...
2023-01-25 12:07:36.514  INFO 16920 --- [DiscoveryClient-InstanceInfoReplicator-0] com.netflix.discovery.DiscoveryClient    : DiscoveryClient_MICROSERVICE-CARTOES/microservice-cartoes:18a5fe4ba0d3f3e159a647fc69529cea - registration status: 204
2023-01-25 12:07:36.595  INFO 16920 --- [restartedMain] o.s.a.r.c.CachingConnectionFactory       : Attempting to connect to: [localhost:5673]
2023-01-25 12:07:36.603  INFO 16920 --- [restartedMain] o.s.a.r.l.SimpleMessageListenerContainer : Broker not available; cannot force queue declarations during start: java.net.ConnectException: Connection refused: connect
2023-01-25 12:07:36.615  INFO 16920 --- [org.springframework.amqp.rabbit.RabbitListenerEndpointContainer#0-1] o.s.a.r.c.CachingConnectionFactory       : Attempting to connect to: [localhost:5673]
2023-01-25 12:07:36.639  INFO 16920 --- [restartedMain] n.d.c.c.MicroserviceCartoesApplication   : Started MicroserviceCartoesApplication in 12.975 seconds (JVM running for 14.105)
2023-01-25 12:07:41.702  WARN 16920 --- [org.springframework.amqp.rabbit.RabbitListenerEndpointContainer#0-1] o.s.a.r.l.SimpleMessageListenerContainer : Consumer raised exception, processing can restart if the connection factory supports it. Exception summary: org.springframework.amqp.AmqpConnectException: java.net.ConnectException: Connection refused: connect
2023-01-25 12:07:41.704  INFO 16920 --- [org.springframework.amqp.rabbit.RabbitListenerEndpointContainer#0-1] o.s.a.r.l.SimpleMessageListenerContainer : Restarting Consumer@739114c5: tags=[[]], channel=null, acknowledgeMode=AUTO local queue size=0
2023-01-25 12:07:41.707  INFO 16920 --- [org.springframework.amqp.rabbit.RabbitListenerEndpointContainer#0-2] o.s.a.r.c.CachingConnectionFactory       : Attempting to connect to: [localhost:5673]
2023-01-25 12:07:46.794  WARN 16920 --- [org.springframework.amqp.rabbit.RabbitListenerEndpointContainer#0-2] o.s.a.r.l.SimpleMessageListenerContainer : Consumer raised exception, processing can restart if the connection factory supports it. Exception summary: org.springframework.amqp.AmqpConnectException: java.net.ConnectException: Connection refused: connect
2023-01-25 12:07:46.794  INFO 16920 --- [org.springframework.amqp.rabbit.RabbitListenerEndpointContainer#0-2] o.s.a.r.l.SimpleMessageListenerContainer : Restarting Consumer@5e85be9: tags=[[]], channel=null, acknowledgeMode=AUTO local queue size=0
2023-01-25 12:07:46.795  INFO 16920 --- [org.springframework.amqp.rabbit.RabbitListenerEndpointContainer#0-3] o.s.a.r.c.CachingConnectionFactory       : Attempting to connect to: [localhost:5673]
2023-01-25 12:07:51.864  WARN 16920 --- [org.springframework.amqp.rabbit.RabbitListenerEndpointContainer#0-3] o.s.a.r.l.SimpleMessageListenerContainer : Consumer raised exception, processing can restart if the connection factory supports it. Exception summary: org.springframework.amqp.AmqpConnectException: java.net.ConnectException: Connection refused: connect
2023-01-25 12:07:51.864  INFO 16920 --- [org.springframework.amqp.rabbit.RabbitListenerEndpointContainer#0-3] o.s.a.r.l.SimpleMessageListenerContainer : Restarting Consumer@ad9ed70: tags=[[]], channel=null, acknowledgeMode=AUTO local queue size=0
2023-01-25 12:07:51.865  INFO 16920 --- [org.springframework.amqp.rabbit.RabbitListenerEndpointContainer#0-4] o.s.a.r.c.CachingConnectionFactory       : Attempting to connect to: [localhost:5673]
2023-01-25 12:07:56.930  WARN 16920 --- [org.springframework.amqp.rabbit.RabbitListenerEndpointContainer#0-4] o.s.a.r.l.SimpleMessageListenerContainer : Consumer raised exception, processing can restart if the connection factory supports it. Exception summary: org.springframework.amqp.AmqpConnectException: java.net.ConnectException: Connection refused: connect
2023-01-25 12:07:56.930  INFO 16920 --- [org.springframework.amqp.rabbit.RabbitListenerEndpointContainer#0-4] o.s.a.r.l.SimpleMessageListenerContainer : Restarting Consumer@75675dc1: tags=[[]], channel=null, acknowledgeMode=AUTO local queue size=0
2023-01-25 12:07:56.931  INFO 16920 --- [org.springframework.amqp.rabbit.RabbitListenerEndpointContainer#0-5] o.s.a.r.c.CachingConnectionFactory       : Attempting to connect to: [localhost:5673]
2023-01-25 12:07:57.685  INFO 16920 --- [http-nio-auto-1-exec-1] o.a.c.c.C.[Tomcat].[localhost].[/]       : Initializing Spring DispatcherServlet 'dispatcherServlet'
2023-01-25 12:07:57.685  INFO 16920 --- [http-nio-auto-1-exec-1] o.s.web.servlet.DispatcherServlet        : Initializing Servlet 'dispatcherServlet'
2023-01-25 12:07:57.687  INFO 16920 --- [http-nio-auto-1-exec-1] o.s.web.servlet.DispatcherServlet        : Completed initialization in 2 ms
2023-01-25 12:08:02.009  WARN 16920 --- [org.springframework.amqp.rabbit.RabbitListenerEndpointContainer#0-5] o.s.a.r.l.SimpleMessageListenerContainer : Consumer raised exception, processing can restart if the connection factory supports it. Exception summary: org.springframework.amqp.AmqpConnectException: java.net.ConnectException: Connection refused: connect
2023-01-25 12:08:02.009  INFO 16920 --- [org.springframework.amqp.rabbit.RabbitListenerEndpointContainer#0-5] o.s.a.r.l.SimpleMessageListenerContainer : Restarting Consumer@2e4e8e7f: tags=[[]], channel=null, acknowledgeMode=AUTO local queue size=0
2023-01-25 12:08:02.010  INFO 16920 --- [org.springframework.amqp.rabbit.RabbitListenerEndpointContainer#0-6] o.s.a.r.c.CachingConnectionFactory       : Attempting to connect to: [localhost:5673]
2023-01-25 12:08:06.261  INFO 16920 --- [DiscoveryClient-CacheRefreshExecutor-0] com.netflix.discovery.DiscoveryClient    : Disable delta property : false
2023-01-25 12:08:06.262  INFO 16920 --- [DiscoveryClient-CacheRefreshExecutor-0] com.netflix.discovery.DiscoveryClient    : Single vip registry refresh property : null
2023-01-25 12:08:06.262  INFO 16920 --- [DiscoveryClient-CacheRefreshExecutor-0] com.netflix.discovery.DiscoveryClient    : Force full registry fetch : false
2023-01-25 12:08:06.262  INFO 16920 --- [DiscoveryClient-CacheRefreshExecutor-0] com.netflix.discovery.DiscoveryClient    : Application is null : false
2023-01-25 12:08:06.262  INFO 16920 --- [DiscoveryClient-CacheRefreshExecutor-0] com.netflix.discovery.DiscoveryClient    : Registered Applications size is zero : true
2023-01-25 12:08:06.262  INFO 16920 --- [DiscoveryClient-CacheRefreshExecutor-0] com.netflix.discovery.DiscoveryClient    : Application version is -1: false
2023-01-25 12:08:06.262  INFO 16920 --- [DiscoveryClient-CacheRefreshExecutor-0] com.netflix.discovery.DiscoveryClient    : Getting all instance registry info from the eureka server
2023-01-25 12:08:06.287  INFO 16920 --- [DiscoveryClient-CacheRefreshExecutor-0] com.netflix.discovery.DiscoveryClient    : The response status is 200
2023-01-25 12:08:07.097  WARN 16920 --- [org.springframework.amqp.rabbit.RabbitListenerEndpointContainer#0-6] o.s.a.r.l.SimpleMessageListenerContainer : Consumer raised exception, processing can restart if the connection factory supports it. Exception summary: org.springframework.amqp.AmqpConnectException: java.net.ConnectException: Connection refused: connect
2023-01-25 12:08:07.097  INFO 16920 --- [org.springframework.amqp.rabbit.RabbitListenerEndpointContainer#0-6] o.s.a.r.l.SimpleMessageListenerContainer : Restarting Consumer@5b5dc62a: tags=[[]], channel=null, acknowledgeMode=AUTO local queue size=0
2023-01-25 12:08:07.098  INFO 16920 --- [org.springframework.amqp.rabbit.RabbitListenerEndpointContainer#0-7] o.s.a.r.c.CachingConnectionFactory       : Attempting to connect to: [localhost:5673]
2023-01-25 12:08:12.182  WARN 16920 --- [org.springframework.amqp.rabbit.RabbitListenerEndpointContainer#0-7] o.s.a.r.l.SimpleMessageListenerContainer : Consumer raised exception, processing can restart if the connection factory supports it. Exception summary: org.springframework.amqp.AmqpConnectException: java.net.ConnectException: Connection refused: connect
2023-01-25 12:08:12.182  INFO 16920 --- [org.springframework.amqp.rabbit.RabbitListenerEndpointContainer#0-7] o.s.a.r.l.SimpleMessageListenerContainer : Restarting Consumer@1cca47a2: tags=[[]], channel=null, acknowledgeMode=AUTO local queue size=0
2023-01-25 12:08:12.183  INFO 16920 --- [org.springframework.amqp.rabbit.RabbitListenerEndpointContainer#0-8] o.s.a.r.c.CachingConnectionFactory       : Attempting to connect to: [localhost:5673]
2023-01-25 12:08:17.323  WARN 16920 --- [org.springframework.amqp.rabbit.RabbitListenerEndpointContainer#0-8] o.s.a.r.l.SimpleMessageListenerContainer : Consumer raised exception, processing can restart if the connection factory supports it. Exception summary: org.springframework.amqp.AmqpConnectException: java.net.ConnectException: Connection refused: connect
2023-01-25 12:08:17.323  INFO 16920 --- [org.springframework.amqp.rabbit.RabbitListenerEndpointContainer#0-8] o.s.a.r.l.SimpleMessageListenerContainer : Restarting Consumer@60776159: tags=[[]], channel=null, acknowledgeMode=AUTO local queue size=0
2023-01-25 12:08:17.332  INFO 16920 --- [org.springframework.amqp.rabbit.RabbitListenerEndpointContainer#0-9] o.s.a.r.c.CachingConnectionFactory       : Attempting to connect to: [localhost:5673]
2023-01-25 12:08:22.516  WARN 16920 --- [org.springframework.amqp.rabbit.RabbitListenerEndpointContainer#0-9] o.s.a.r.l.SimpleMessageListenerContainer : Consumer raised exception, processing can restart if the connection factory supports it. Exception summary: org.springframework.amqp.AmqpConnectException: java.net.ConnectException: Connection refused: connect
2023-01-25 12:08:22.518  INFO 16920 --- [org.springframework.amqp.rabbit.RabbitListenerEndpointContainer#0-9] o.s.a.r.l.SimpleMessageListenerContainer : Restarting Consumer@46af45e6: tags=[[]], channel=null, acknowledgeMode=AUTO local queue size=0
2023-01-25 12:08:22.519  INFO 16920 --- [org.springframework.amqp.rabbit.RabbitListenerEndpointContainer#0-10] o.s.a.r.c.CachingConnectionFactory       : Attempting to connect to: [localhost:5673]
2023-01-25 12:08:27.598  WARN 16920 --- [org.springframework.amqp.rabbit.RabbitListenerEndpointContainer#0-10] o.s.a.r.l.SimpleMessageListenerContainer : Consumer raised exception, processing can restart if the connection factory supports it. Exception summary: org.springframework.amqp.AmqpConnectException: java.net.ConnectException: Connection refused: connect
2023-01-25 12:08:27.599  INFO 16920 --- [org.springframework.amqp.rabbit.RabbitListenerEndpointContainer#0-10] o.s.a.r.l.SimpleMessageListenerContainer : Restarting Consumer@44160d66: tags=[[]], channel=null, acknowledgeMode=AUTO local queue size=0
2023-01-25 12:08:27.599  INFO 16920 --- [org.springframework.amqp.rabbit.RabbitListenerEndpointContainer#0-11] o.s.a.r.c.CachingConnectionFactory       : Attempting to connect to: [localhost:5673]
2023-01-25 12:08:32.749  WARN 16920 --- [org.springframework.amqp.rabbit.RabbitListenerEndpointContainer#0-11] o.s.a.r.l.SimpleMessageListenerContainer : Consumer raised exception, processing can restart if the connection factory supports it. Exception summary: org.springframework.amqp.AmqpConnectException: java.net.ConnectException: Connection refused: connect
2023-01-25 12:08:32.749  INFO 16920 --- [org.springframework.amqp.rabbit.RabbitListenerEndpointContainer#0-11] o.s.a.r.l.SimpleMessageListenerContainer : Restarting Consumer@4e0ee7: tags=[[]], channel=null, acknowledgeMode=AUTO local queue size=0
2023-01-25 12:08:32.750  INFO 16920 --- [org.springframework.amqp.rabbit.RabbitListenerEndpointContainer#0-12] o.s.a.r.c.CachingConnectionFactory       : Attempting to connect to: [localhost:5673]
2023-01-25 12:08:37.833  WARN 16920 --- [org.springframework.amqp.rabbit.RabbitListenerEndpointContainer#0-12] o.s.a.r.l.SimpleMessageListenerContainer : Consumer raised exception, processing can restart if the connection factory supports it. Exception summary: org.springframework.amqp.AmqpConnectException: java.net.ConnectException: Connection refused: connect
2023-01-25 12:08:37.833  INFO 16920 --- [org.springframework.amqp.rabbit.RabbitListenerEndpointContainer#0-12] o.s.a.r.l.SimpleMessageListenerContainer : Restarting Consumer@985cc6a: tags=[[]], channel=null, acknowledgeMode=AUTO local queue size=0
2023-01-25 12:08:37.834  INFO 16920 --- [org.springframework.amqp.rabbit.RabbitListenerEndpointContainer#0-13] o.s.a.r.c.CachingConnectionFactory       : Attempting to connect to: [localhost:5673]
2023-01-25 12:08:42.948  WARN 16920 --- [org.springframework.amqp.rabbit.RabbitListenerEndpointContainer#0-13] o.s.a.r.l.SimpleMessageListenerContainer : Consumer raised exception, processing can restart if the connection factory supports it. Exception summary: org.springframework.amqp.AmqpConnectException: java.net.ConnectException: Connection refused: connect
2023-01-25 12:08:42.948  INFO 16920 --- [org.springframework.amqp.rabbit.RabbitListenerEndpointContainer#0-13] o.s.a.r.l.SimpleMessageListenerContainer : Restarting Consumer@6a0405d1: tags=[[]], channel=null, acknowledgeMode=AUTO local queue size=0
2023-01-25 12:08:42.949  INFO 16920 --- [org.springframework.amqp.rabbit.RabbitListenerEndpointContainer#0-14] o.s.a.r.c.CachingConnectionFactory       : Attempting to connect to: [localhost:5673]
2023-01-25 12:08:48.020  WARN 16920 --- [org.springframework.amqp.rabbit.RabbitListenerEndpointContainer#0-14] o.s.a.r.l.SimpleMessageListenerContainer : Consumer raised exception, processing can restart if the connection factory supports it. Exception summary: org.springframework.amqp.AmqpConnectException: java.net.ConnectException: Connection refused: connect
2023-01-25 12:08:48.020  INFO 16920 --- [org.springframework.amqp.rabbit.RabbitListenerEndpointContainer#0-14] o.s.a.r.l.SimpleMessageListenerContainer : Restarting Consumer@37d61431: tags=[[]], channel=null, acknowledgeMode=AUTO local queue size=0
2023-01-25 12:08:48.021  INFO 16920 --- [org.springframework.amqp.rabbit.RabbitListenerEndpointContainer#0-15] o.s.a.r.c.CachingConnectionFactory       : Attempting to connect to: [localhost:5673]
2023-01-25 12:08:53.118  WARN 16920 --- [org.springframework.amqp.rabbit.RabbitListenerEndpointContainer#0-15] o.s.a.r.l.SimpleMessageListenerContainer : Consumer raised exception, processing can restart if the connection factory supports it. Exception summary: org.springframework.amqp.AmqpConnectException: java.net.ConnectException: Connection refused: connect
2023-01-25 12:08:53.118  INFO 16920 --- [org.springframework.amqp.rabbit.RabbitListenerEndpointContainer#0-15] o.s.a.r.l.SimpleMessageListenerContainer : Restarting Consumer@39dc490b: tags=[[]], channel=null, acknowledgeMode=AUTO local queue size=0
2023-01-25 12:08:53.119  INFO 16920 --- [org.springframework.amqp.rabbit.RabbitListenerEndpointContainer#0-16] o.s.a.r.c.CachingConnectionFactory       : Attempting to connect to: [localhost:5673]
2023-01-25 12:08:58.193  WARN 16920 --- [org.springframework.amqp.rabbit.RabbitListenerEndpointContainer#0-16] o.s.a.r.l.SimpleMessageListenerContainer : Consumer raised exception, processing can restart if the connection factory supports it. Exception summary: org.springframework.amqp.AmqpConnectException: java.net.ConnectException: Connection refused: connect
2023-01-25 12:08:58.193  INFO 16920 --- [org.springframework.amqp.rabbit.RabbitListenerEndpointContainer#0-16] o.s.a.r.l.SimpleMessageListenerContainer : Restarting Consumer@d2d38fb: tags=[[]], channel=null, acknowledgeMode=AUTO local queue size=0
2023-01-25 12:08:58.194  INFO 16920 --- [org.springframework.amqp.rabbit.RabbitListenerEndpointContainer#0-17] o.s.a.r.c.CachingConnectionFactory       : Attempting to connect to: [localhost:5673]
2023-01-25 12:09:03.283  WARN 16920 --- [org.springframework.amqp.rabbit.RabbitListenerEndpointContainer#0-17] o.s.a.r.l.SimpleMessageListenerContainer : Consumer raised exception, processing can restart if the connection factory supports it. Exception summary: org.springframework.amqp.AmqpConnectException: java.net.ConnectException: Connection refused: connect
2023-01-25 12:09:03.283  INFO 16920 --- [org.springframework.amqp.rabbit.RabbitListenerEndpointContainer#0-17] o.s.a.r.l.SimpleMessageListenerContainer : Restarting Consumer@35abf5c: tags=[[]], channel=null, acknowledgeMode=AUTO local queue size=0
2023-01-25 12:09:03.284  INFO 16920 --- [org.springframework.amqp.rabbit.RabbitListenerEndpointContainer#0-18] o.s.a.r.c.CachingConnectionFactory       : Attempting to connect to: [localhost:5673]
2023-01-25 12:09:08.362  WARN 16920 --- [org.springframework.amqp.rabbit.RabbitListenerEndpointContainer#0-18] o.s.a.r.l.SimpleMessageListenerContainer : Consumer raised exception, processing can restart if the connection factory supports it. Exception summary: org.springframework.amqp.AmqpConnectException: java.net.ConnectException: Connection refused: connect
2023-01-25 12:09:08.362  INFO 16920 --- [org.springframework.amqp.rabbit.RabbitListenerEndpointContainer#0-18] o.s.a.r.l.SimpleMessageListenerContainer : Restarting Consumer@5c7fad59: tags=[[]], channel=null, acknowledgeMode=AUTO local queue size=0
2023-01-25 12:09:08.363  INFO 16920 --- [org.springframework.amqp.rabbit.RabbitListenerEndpointContainer#0-19] o.s.a.r.c.CachingConnectionFactory       : Attempting to connect to: [localhost:5673]
2023-01-25 12:09:13.441  WARN 16920 --- [org.springframework.amqp.rabbit.RabbitListenerEndpointContainer#0-19] o.s.a.r.l.SimpleMessageListenerContainer : Consumer raised exception, processing can restart if the connection factory supports it. Exception summary: org.springframework.amqp.AmqpConnectException: java.net.ConnectException: Connection refused: connect
2023-01-25 12:09:13.442  INFO 16920 --- [org.springframework.amqp.rabbit.RabbitListenerEndpointContainer#0-19] o.s.a.r.l.SimpleMessageListenerContainer : Restarting Consumer@5a3c8bfc: tags=[[]], channel=null, acknowledgeMode=AUTO local queue size=0
2023-01-25 12:09:13.444  INFO 16920 --- [org.springframework.amqp.rabbit.RabbitListenerEndpointContainer#0-20] o.s.a.r.c.CachingConnectionFactory       : Attempting to connect to: [localhost:5673]
2023-01-25 12:09:18.532  WARN 16920 --- [org.springframework.amqp.rabbit.RabbitListenerEndpointContainer#0-20] o.s.a.r.l.SimpleMessageListenerContainer : Consumer raised exception, processing can restart if the connection factory supports it. Exception summary: org.springframework.amqp.AmqpConnectException: java.net.ConnectException: Connection refused: connect
2023-01-25 12:09:18.532  INFO 16920 --- [org.springframework.amqp.rabbit.RabbitListenerEndpointContainer#0-20] o.s.a.r.l.SimpleMessageListenerContainer : Restarting Consumer@68748994: tags=[[]], channel=null, acknowledgeMode=AUTO local queue size=0
2023-01-25 12:09:18.533  INFO 16920 --- [org.springframework.amqp.rabbit.RabbitListenerEndpointContainer#0-21] o.s.a.r.c.CachingConnectionFactory       : Attempting to connect to: [localhost:5673]
2023-01-25 12:09:23.616  WARN 16920 --- [org.springframework.amqp.rabbit.RabbitListenerEndpointContainer#0-21] o.s.a.r.l.SimpleMessageListenerContainer : Consumer raised exception, processing can restart if the connection factory supports it. Exception summary: org.springframework.amqp.AmqpConnectException: java.net.ConnectException: Connection refused: connect
2023-01-25 12:09:23.617  INFO 16920 --- [org.springframework.amqp.rabbit.RabbitListenerEndpointContainer#0-21] o.s.a.r.l.SimpleMessageListenerContainer : Restarting Consumer@2b5029c9: tags=[[]], channel=null, acknowledgeMode=AUTO local queue size=0
2023-01-25 12:09:23.618  INFO 16920 --- [org.springframework.amqp.rabbit.RabbitListenerEndpointContainer#0-22] o.s.a.r.c.CachingConnectionFactory       : Attempting to connect to: [localhost:5673]
2023-01-25 12:09:28.716  WARN 16920 --- [org.springframework.amqp.rabbit.RabbitListenerEndpointContainer#0-22] o.s.a.r.l.SimpleMessageListenerContainer : Consumer raised exception, processing can restart if the connection factory supports it. Exception summary: org.springframework.amqp.AmqpConnectException: java.net.ConnectException: Connection refused: connect
2023-01-25 12:09:28.716  INFO 16920 --- [org.springframework.amqp.rabbit.RabbitListenerEndpointContainer#0-22] o.s.a.r.l.SimpleMessageListenerContainer : Restarting Consumer@1273b3ad: tags=[[]], channel=null, acknowledgeMode=AUTO local queue size=0
2023-01-25 12:09:28.717  INFO 16920 --- [org.springframework.amqp.rabbit.RabbitListenerEndpointContainer#0-23] o.s.a.r.c.CachingConnectionFactory       : Attempting to connect to: [localhost:5673]
2023-01-25 12:09:33.787  WARN 16920 --- [org.springframework.amqp.rabbit.RabbitListenerEndpointContainer#0-23] o.s.a.r.l.SimpleMessageListenerContainer : Consumer raised exception, processing can restart if the connection factory supports it. Exception summary: org.springframework.amqp.AmqpConnectException: java.net.ConnectException: Connection refused: connect
2023-01-25 12:09:33.787  INFO 16920 --- [org.springframework.amqp.rabbit.RabbitListenerEndpointContainer#0-23] o.s.a.r.l.SimpleMessageListenerContainer : Restarting Consumer@3881fffb: tags=[[]], channel=null, acknowledgeMode=AUTO local queue size=0
2023-01-25 12:09:33.788  INFO 16920 --- [org.springframework.amqp.rabbit.RabbitListenerEndpointContainer#0-24] o.s.a.r.c.CachingConnectionFactory       : Attempting to connect to: [localhost:5673]
2023-01-25 12:09:38.882  WARN 16920 --- [org.springframework.amqp.rabbit.RabbitListenerEndpointContainer#0-24] o.s.a.r.l.SimpleMessageListenerContainer : Consumer raised exception, processing can restart if the connection factory supports it. Exception summary: org.springframework.amqp.AmqpConnectException: java.net.ConnectException: Connection refused: connect
2023-01-25 12:09:38.882  INFO 16920 --- [org.springframework.amqp.rabbit.RabbitListenerEndpointContainer#0-24] o.s.a.r.l.SimpleMessageListenerContainer : Restarting Consumer@25056730: tags=[[]], channel=null, acknowledgeMode=AUTO local queue size=0
2023-01-25 12:09:38.883  INFO 16920 --- [org.springframework.amqp.rabbit.RabbitListenerEndpointContainer#0-25] o.s.a.r.c.CachingConnectionFactory       : Attempting to connect to: [localhost:5673]
2023-01-25 12:09:43.955  WARN 16920 --- [org.springframework.amqp.rabbit.RabbitListenerEndpointContainer#0-25] o.s.a.r.l.SimpleMessageListenerContainer : Consumer raised exception, processing can restart if the connection factory supports it. Exception summary: org.springframework.amqp.AmqpConnectException: java.net.ConnectException: Connection refused: connect
2023-01-25 12:09:43.955  INFO 16920 --- [org.springframework.amqp.rabbit.RabbitListenerEndpointContainer#0-25] o.s.a.r.l.SimpleMessageListenerContainer : Restarting Consumer@2cd96103: tags=[[]], channel=null, acknowledgeMode=AUTO local queue size=0
2023-01-25 12:09:43.956  INFO 16920 --- [org.springframework.amqp.rabbit.RabbitListenerEndpointContainer#0-26] o.s.a.r.c.CachingConnectionFactory       : Attempting to connect to: [localhost:5673]
2023-01-25 12:09:49.030  WARN 16920 --- [org.springframework.amqp.rabbit.RabbitListenerEndpointContainer#0-26] o.s.a.r.l.SimpleMessageListenerContainer : Consumer raised exception, processing can restart if the connection factory supports it. Exception summary: org.springframework.amqp.AmqpConnectException: java.net.ConnectException: Connection refused: connect
2023-01-25 12:09:49.030  INFO 16920 --- [org.springframework.amqp.rabbit.RabbitListenerEndpointContainer#0-26] o.s.a.r.l.SimpleMessageListenerContainer : Restarting Consumer@51bcc4be: tags=[[]], channel=null, acknowledgeMode=AUTO local queue size=0
2023-01-25 12:09:49.031  INFO 16920 --- [org.springframework.amqp.rabbit.RabbitListenerEndpointContainer#0-27] o.s.a.r.c.CachingConnectionFactory       : Attempting to connect to: [localhost:5673]
2023-01-25 12:09:54.121  WARN 16920 --- [org.springframework.amqp.rabbit.RabbitListenerEndpointContainer#0-27] o.s.a.r.l.SimpleMessageListenerContainer : Consumer raised exception, processing can restart if the connection factory supports it. Exception summary: org.springframework.amqp.AmqpConnectException: java.net.ConnectException: Connection refused: connect
2023-01-25 12:09:54.121  INFO 16920 --- [org.springframework.amqp.rabbit.RabbitListenerEndpointContainer#0-27] o.s.a.r.l.SimpleMessageListenerContainer : Restarting Consumer@374a5448: tags=[[]], channel=null, acknowledgeMode=AUTO local queue size=0
2023-01-25 12:09:54.122  INFO 16920 --- [org.springframework.amqp.rabbit.RabbitListenerEndpointContainer#0-28] o.s.a.r.c.CachingConnectionFactory       : Attempting to connect to: [localhost:5673]
2023-01-25 12:09:59.192  WARN 16920 --- [org.springframework.amqp.rabbit.RabbitListenerEndpointContainer#0-28] o.s.a.r.l.SimpleMessageListenerContainer : Consumer raised exception, processing can restart if the connection factory supports it. Exception summary: org.springframework.amqp.AmqpConnectException: java.net.ConnectException: Connection refused: connect
2023-01-25 12:09:59.192  INFO 16920 --- [org.springframework.amqp.rabbit.RabbitListenerEndpointContainer#0-28] o.s.a.r.l.SimpleMessageListenerContainer : Restarting Consumer@2d294bd3: tags=[[]], channel=null, acknowledgeMode=AUTO local queue size=0
2023-01-25 12:09:59.193  INFO 16920 --- [org.springframework.amqp.rabbit.RabbitListenerEndpointContainer#0-29] o.s.a.r.c.CachingConnectionFactory       : Attempting to connect to: [localhost:5673]
2023-01-25 12:10:04.207  WARN 16920 --- [org.springframework.amqp.rabbit.RabbitListenerEndpointContainer#0-29] o.s.a.r.l.SimpleMessageListenerContainer : Consumer raised exception, processing can restart if the connection factory supports it. Exception summary: org.springframework.amqp.AmqpConnectException: java.net.ConnectException: Connection refused: connect
2023-01-25 12:10:04.208  INFO 16920 --- [org.springframework.amqp.rabbit.RabbitListenerEndpointContainer#0-29] o.s.a.r.l.SimpleMessageListenerContainer : Restarting Consumer@3aca890: tags=[[]], channel=null, acknowledgeMode=AUTO local queue size=0
2023-01-25 12:10:04.209  INFO 16920 --- [org.springframework.amqp.rabbit.RabbitListenerEndpointContainer#0-30] o.s.a.r.c.CachingConnectionFactory       : Attempting to connect to: [localhost:5673]
2023-01-25 12:10:09.237  WARN 16920 --- [org.springframework.amqp.rabbit.RabbitListenerEndpointContainer#0-30] o.s.a.r.l.SimpleMessageListenerContainer : Consumer raised exception, processing can restart if the connection factory supports it. Exception summary: org.springframework.amqp.AmqpConnectException: java.net.ConnectException: Connection refused: connect
2023-01-25 12:10:09.238  INFO 16920 --- [org.springframework.amqp.rabbit.RabbitListenerEndpointContainer#0-30] o.s.a.r.l.SimpleMessageListenerContainer : Restarting Consumer@359ebd7c: tags=[[]], channel=null, acknowledgeMode=AUTO local queue size=0
2023-01-25 12:10:09.239  INFO 16920 --- [org.springframework.amqp.rabbit.RabbitListenerEndpointContainer#0-31] o.s.a.r.c.CachingConnectionFactory       : Attempting to connect to: [localhost:5673]
2023-01-25 12:10:14.417  WARN 16920 --- [org.springframework.amqp.rabbit.RabbitListenerEndpointContainer#0-31] o.s.a.r.l.SimpleMessageListenerContainer : Consumer raised exception, processing can restart if the connection factory supports it. Exception summary: org.springframework.amqp.AmqpConnectException: java.net.ConnectException: Connection refused: connect
2023-01-25 12:10:14.418  INFO 16920 --- [org.springframework.amqp.rabbit.RabbitListenerEndpointContainer#0-31] o.s.a.r.l.SimpleMessageListenerContainer : Restarting Consumer@1e14b3be: tags=[[]], channel=null, acknowledgeMode=AUTO local queue size=0
2023-01-25 12:10:14.430  INFO 16920 --- [org.springframework.amqp.rabbit.RabbitListenerEndpointContainer#0-32] o.s.a.r.c.CachingConnectionFactory       : Attempting to connect to: [localhost:5673]
2023-01-25 12:10:19.446  WARN 16920 --- [org.springframework.amqp.rabbit.RabbitListenerEndpointContainer#0-32] o.s.a.r.l.SimpleMessageListenerContainer : Consumer raised exception, processing can restart if the connection factory supports it. Exception summary: org.springframework.amqp.AmqpConnectException: java.net.ConnectException: Connection refused: connect
2023-01-25 12:10:19.447  INFO 16920 --- [org.springframework.amqp.rabbit.RabbitListenerEndpointContainer#0-32] o.s.a.r.l.SimpleMessageListenerContainer : Restarting Consumer@62971fcf: tags=[[]], channel=null, acknowledgeMode=AUTO local queue size=0
2023-01-25 12:10:19.449  INFO 16920 --- [org.springframework.amqp.rabbit.RabbitListenerEndpointContainer#0-33] o.s.a.r.c.CachingConnectionFactory       : Attempting to connect to: [localhost:5673]
2023-01-25 12:10:24.638  WARN 16920 --- [org.springframework.amqp.rabbit.RabbitListenerEndpointContainer#0-33] o.s.a.r.l.SimpleMessageListenerContainer : Consumer raised exception, processing can restart if the connection factory supports it. Exception summary: org.springframework.amqp.AmqpConnectException: java.net.ConnectException: Connection refused: connect
2023-01-25 12:10:24.640  INFO 16920 --- [org.springframework.amqp.rabbit.RabbitListenerEndpointContainer#0-33] o.s.a.r.l.SimpleMessageListenerContainer : Restarting Consumer@1f596768: tags=[[]], channel=null, acknowledgeMode=AUTO local queue size=0
2023-01-25 12:10:24.641  INFO 16920 --- [org.springframework.amqp.rabbit.RabbitListenerEndpointContainer#0-34] o.s.a.r.c.CachingConnectionFactory       : Attempting to connect to: [localhost:5673]
2023-01-25 12:10:29.749  WARN 16920 --- [org.springframework.amqp.rabbit.RabbitListenerEndpointContainer#0-34] o.s.a.r.l.SimpleMessageListenerContainer : Consumer raised exception, processing can restart if the connection factory supports it. Exception summary: org.springframework.amqp.AmqpConnectException: java.net.ConnectException: Connection refused: connect
2023-01-25 12:10:29.750  INFO 16920 --- [org.springframework.amqp.rabbit.RabbitListenerEndpointContainer#0-34] o.s.a.r.l.SimpleMessageListenerContainer : Restarting Consumer@661650da: tags=[[]], channel=null, acknowledgeMode=AUTO local queue size=0
2023-01-25 12:10:29.751  INFO 16920 --- [org.springframework.amqp.rabbit.RabbitListenerEndpointContainer#0-35] o.s.a.r.c.CachingConnectionFactory       : Attempting to connect to: [localhost:5673]
2023-01-25 12:10:34.826  WARN 16920 --- [org.springframework.amqp.rabbit.RabbitListenerEndpointContainer#0-35] o.s.a.r.l.SimpleMessageListenerContainer : Consumer raised exception, processing can restart if the connection factory supports it. Exception summary: org.springframework.amqp.AmqpConnectException: java.net.ConnectException: Connection refused: connect
2023-01-25 12:10:34.826  INFO 16920 --- [org.springframework.amqp.rabbit.RabbitListenerEndpointContainer#0-35] o.s.a.r.l.SimpleMessageListenerContainer : Restarting Consumer@a48afce: tags=[[]], channel=null, acknowledgeMode=AUTO local queue size=0
2023-01-25 12:10:34.827  INFO 16920 --- [org.springframework.amqp.rabbit.RabbitListenerEndpointContainer#0-36] o.s.a.r.c.CachingConnectionFactory       : Attempting to connect to: [localhost:5673]
2023-01-25 12:10:39.922  WARN 16920 --- [org.springframework.amqp.rabbit.RabbitListenerEndpointContainer#0-36] o.s.a.r.l.SimpleMessageListenerContainer : Consumer raised exception, processing can restart if the connection factory supports it. Exception summary: org.springframework.amqp.AmqpConnectException: java.net.ConnectException: Connection refused: connect
2023-01-25 12:10:39.922  INFO 16920 --- [org.springframework.amqp.rabbit.RabbitListenerEndpointContainer#0-36] o.s.a.r.l.SimpleMessageListenerContainer : Restarting Consumer@301b6341: tags=[[]], channel=null, acknowledgeMode=AUTO local queue size=0
2023-01-25 12:10:39.923  INFO 16920 --- [org.springframework.amqp.rabbit.RabbitListenerEndpointContainer#0-37] o.s.a.r.c.CachingConnectionFactory       : Attempting to connect to: [localhost:5673]
2023-01-25 12:10:44.999  WARN 16920 --- [org.springframework.amqp.rabbit.RabbitListenerEndpointContainer#0-37] o.s.a.r.l.SimpleMessageListenerContainer : Consumer raised exception, processing can restart if the connection factory supports it. Exception summary: org.springframework.amqp.AmqpConnectException: java.net.ConnectException: Connection refused: connect
2023-01-25 12:10:44.999  INFO 16920 --- [org.springframework.amqp.rabbit.RabbitListenerEndpointContainer#0-37] o.s.a.r.l.SimpleMessageListenerContainer : Restarting Consumer@f48b7b6: tags=[[]], channel=null, acknowledgeMode=AUTO local queue size=0
2023-01-25 12:10:45.000  INFO 16920 --- [org.springframework.amqp.rabbit.RabbitListenerEndpointContainer#0-38] o.s.a.r.c.CachingConnectionFactory       : Attempting to connect to: [localhost:5673]
2023-01-25 12:10:50.083  WARN 16920 --- [org.springframework.amqp.rabbit.RabbitListenerEndpointContainer#0-38] o.s.a.r.l.SimpleMessageListenerContainer : Consumer raised exception, processing can restart if the connection factory supports it. Exception summary: org.springframework.amqp.AmqpConnectException: java.net.ConnectException: Connection refused: connect
2023-01-25 12:10:50.083  INFO 16920 --- [org.springframework.amqp.rabbit.RabbitListenerEndpointContainer#0-38] o.s.a.r.l.SimpleMessageListenerContainer : Restarting Consumer@227220e9: tags=[[]], channel=null, acknowledgeMode=AUTO local queue size=0
2023-01-25 12:10:50.084  INFO 16920 --- [org.springframework.amqp.rabbit.RabbitListenerEndpointContainer#0-39] o.s.a.r.c.CachingConnectionFactory       : Attempting to connect to: [localhost:5673]
2023-01-25 12:10:55.148  WARN 16920 --- [org.springframework.amqp.rabbit.RabbitListenerEndpointContainer#0-39] o.s.a.r.l.SimpleMessageListenerContainer : Consumer raised exception, processing can restart if the connection factory supports it. Exception summary: org.springframework.amqp.AmqpConnectException: java.net.ConnectException: Connection refused: connect
2023-01-25 12:10:55.148  INFO 16920 --- [org.springframework.amqp.rabbit.RabbitListenerEndpointContainer#0-39] o.s.a.r.l.SimpleMessageListenerContainer : Restarting Consumer@20e9e6b9: tags=[[]], channel=null, acknowledgeMode=AUTO local queue size=0
2023-01-25 12:10:55.149  INFO 16920 --- [org.springframework.amqp.rabbit.RabbitListenerEndpointContainer#0-40] o.s.a.r.c.CachingConnectionFactory       : Attempting to connect to: [localhost:5673]
2023-01-25 12:11:00.237  WARN 16920 --- [org.springframework.amqp.rabbit.RabbitListenerEndpointContainer#0-40] o.s.a.r.l.SimpleMessageListenerContainer : Consumer raised exception, processing can restart if the connection factory supports it. Exception summary: org.springframework.amqp.AmqpConnectException: java.net.ConnectException: Connection refused: connect
2023-01-25 12:11:00.237  INFO 16920 --- [org.springframework.amqp.rabbit.RabbitListenerEndpointContainer#0-40] o.s.a.r.l.SimpleMessageListenerContainer : Restarting Consumer@3d679ba3: tags=[[]], channel=null, acknowledgeMode=AUTO local queue size=0
2023-01-25 12:11:00.238  INFO 16920 --- [org.springframework.amqp.rabbit.RabbitListenerEndpointContainer#0-41] o.s.a.r.c.CachingConnectionFactory       : Attempting to connect to: [localhost:5673]
2023-01-25 12:11:05.315  WARN 16920 --- [org.springframework.amqp.rabbit.RabbitListenerEndpointContainer#0-41] o.s.a.r.l.SimpleMessageListenerContainer : Consumer raised exception, processing can restart if the connection factory supports it. Exception summary: org.springframework.amqp.AmqpConnectException: java.net.ConnectException: Connection refused: connect
2023-01-25 12:11:05.315  INFO 16920 --- [org.springframework.amqp.rabbit.RabbitListenerEndpointContainer#0-41] o.s.a.r.l.SimpleMessageListenerContainer : Restarting Consumer@748a95bb: tags=[[]], channel=null, acknowledgeMode=AUTO local queue size=0
2023-01-25 12:11:05.316  INFO 16920 --- [org.springframework.amqp.rabbit.RabbitListenerEndpointContainer#0-42] o.s.a.r.c.CachingConnectionFactory       : Attempting to connect to: [localhost:5673]
2023-01-25 12:11:10.491  WARN 16920 --- [org.springframework.amqp.rabbit.RabbitListenerEndpointContainer#0-42] o.s.a.r.l.SimpleMessageListenerContainer : Consumer raised exception, processing can restart if the connection factory supports it. Exception summary: org.springframework.amqp.AmqpConnectException: java.net.ConnectException: Connection refused: connect
2023-01-25 12:11:10.491  INFO 16920 --- [org.springframework.amqp.rabbit.RabbitListenerEndpointContainer#0-42] o.s.a.r.l.SimpleMessageListenerContainer : Restarting Consumer@5b7b51cf: tags=[[]], channel=null, acknowledgeMode=AUTO local queue size=0
2023-01-25 12:11:10.495  INFO 16920 --- [org.springframework.amqp.rabbit.RabbitListenerEndpointContainer#0-43] o.s.a.r.c.CachingConnectionFactory       : Attempting to connect to: [localhost:5673]
2023-01-25 12:11:15.630  WARN 16920 --- [org.springframework.amqp.rabbit.RabbitListenerEndpointContainer#0-43] o.s.a.r.l.SimpleMessageListenerContainer : Consumer raised exception, processing can restart if the connection factory supports it. Exception summary: org.springframework.amqp.AmqpConnectException: java.net.ConnectException: Connection refused: connect
2023-01-25 12:11:15.630  INFO 16920 --- [org.springframework.amqp.rabbit.RabbitListenerEndpointContainer#0-43] o.s.a.r.l.SimpleMessageListenerContainer : Restarting Consumer@2bfee129: tags=[[]], channel=null, acknowledgeMode=AUTO local queue size=0
2023-01-25 12:11:15.631  INFO 16920 --- [org.springframework.amqp.rabbit.RabbitListenerEndpointContainer#0-44] o.s.a.r.c.CachingConnectionFactory       : Attempting to connect to: [localhost:5673]
2023-01-25 12:11:20.664  WARN 16920 --- [org.springframework.amqp.rabbit.RabbitListenerEndpointContainer#0-44] o.s.a.r.l.SimpleMessageListenerContainer : Consumer raised exception, processing can restart if the connection factory supports it. Exception summary: org.springframework.amqp.AmqpConnectException: java.net.ConnectException: Connection refused: connect
2023-01-25 12:11:20.664  INFO 16920 --- [org.springframework.amqp.rabbit.RabbitListenerEndpointContainer#0-44] o.s.a.r.l.SimpleMessageListenerContainer : Restarting Consumer@524ce43e: tags=[[]], channel=null, acknowledgeMode=AUTO local queue size=0
2023-01-25 12:11:20.665  INFO 16920 --- [org.springframework.amqp.rabbit.RabbitListenerEndpointContainer#0-45] o.s.a.r.c.CachingConnectionFactory       : Attempting to connect to: [localhost:5673]
2023-01-25 12:11:25.750  WARN 16920 --- [org.springframework.amqp.rabbit.RabbitListenerEndpointContainer#0-45] o.s.a.r.l.SimpleMessageListenerContainer : Consumer raised exception, processing can restart if the connection factory supports it. Exception summary: org.springframework.amqp.AmqpConnectException: java.net.ConnectException: Connection refused: connect
2023-01-25 12:11:25.750  INFO 16920 --- [org.springframework.amqp.rabbit.RabbitListenerEndpointContainer#0-45] o.s.a.r.l.SimpleMessageListenerContainer : Restarting Consumer@452c68dc: tags=[[]], channel=null, acknowledgeMode=AUTO local queue size=0
2023-01-25 12:11:25.751  INFO 16920 --- [org.springframework.amqp.rabbit.RabbitListenerEndpointContainer#0-46] o.s.a.r.c.CachingConnectionFactory       : Attempting to connect to: [localhost:5673]
2023-01-25 12:11:30.864  WARN 16920 --- [org.springframework.amqp.rabbit.RabbitListenerEndpointContainer#0-46] o.s.a.r.l.SimpleMessageListenerContainer : Consumer raised exception, processing can restart if the connection factory supports it. Exception summary: org.springframework.amqp.AmqpConnectException: java.net.ConnectException: Connection refused: connect
2023-01-25 12:11:30.864  INFO 16920 --- [org.springframework.amqp.rabbit.RabbitListenerEndpointContainer#0-46] o.s.a.r.l.SimpleMessageListenerContainer : Restarting Consumer@388d9977: tags=[[]], channel=null, acknowledgeMode=AUTO local queue size=0
2023-01-25 12:11:30.865  INFO 16920 --- [org.springframework.amqp.rabbit.RabbitListenerEndpointContainer#0-47] o.s.a.r.c.CachingConnectionFactory       : Attempting to connect to: [localhost:5673]
2023-01-25 12:11:35.948  WARN 16920 --- [org.springframework.amqp.rabbit.RabbitListenerEndpointContainer#0-47] o.s.a.r.l.SimpleMessageListenerContainer : Consumer raised exception, processing can restart if the connection factory supports it. Exception summary: org.springframework.amqp.AmqpConnectException: java.net.ConnectException: Connection refused: connect
2023-01-25 12:11:35.948  INFO 16920 --- [org.springframework.amqp.rabbit.RabbitListenerEndpointContainer#0-47] o.s.a.r.l.SimpleMessageListenerContainer : Restarting Consumer@7900e962: tags=[[]], channel=null, acknowledgeMode=AUTO local queue size=0
2023-01-25 12:11:35.949  INFO 16920 --- [org.springframework.amqp.rabbit.RabbitListenerEndpointContainer#0-48] o.s.a.r.c.CachingConnectionFactory       : Attempting to connect to: [localhost:5673]
2023-01-25 12:11:41.032  WARN 16920 --- [org.springframework.amqp.rabbit.RabbitListenerEndpointContainer#0-48] o.s.a.r.l.SimpleMessageListenerContainer : Consumer raised exception, processing can restart if the connection factory supports it. Exception summary: org.springframework.amqp.AmqpConnectException: java.net.ConnectException: Connection refused: connect
2023-01-25 12:11:41.032  INFO 16920 --- [org.springframework.amqp.rabbit.RabbitListenerEndpointContainer#0-48] o.s.a.r.l.SimpleMessageListenerContainer : Restarting Consumer@3b402755: tags=[[]], channel=null, acknowledgeMode=AUTO local queue size=0
2023-01-25 12:11:41.033  INFO 16920 --- [org.springframework.amqp.rabbit.RabbitListenerEndpointContainer#0-49] o.s.a.r.c.CachingConnectionFactory       : Attempting to connect to: [localhost:5673]
2023-01-25 12:11:46.131  WARN 16920 --- [org.springframework.amqp.rabbit.RabbitListenerEndpointContainer#0-49] o.s.a.r.l.SimpleMessageListenerContainer : Consumer raised exception, processing can restart if the connection factory supports it. Exception summary: org.springframework.amqp.AmqpConnectException: java.net.ConnectException: Connection refused: connect
2023-01-25 12:11:46.131  INFO 16920 --- [org.springframework.amqp.rabbit.RabbitListenerEndpointContainer#0-49] o.s.a.r.l.SimpleMessageListenerContainer : Restarting Consumer@10870e09: tags=[[]], channel=null, acknowledgeMode=AUTO local queue size=0
2023-01-25 12:11:46.132  INFO 16920 --- [org.springframework.amqp.rabbit.RabbitListenerEndpointContainer#0-50] o.s.a.r.c.CachingConnectionFactory       : Attempting to connect to: [localhost:5673]
2023-01-25 12:11:51.221  WARN 16920 --- [org.springframework.amqp.rabbit.RabbitListenerEndpointContainer#0-50] o.s.a.r.l.SimpleMessageListenerContainer : Consumer raised exception, processing can restart if the connection factory supports it. Exception summary: org.springframework.amqp.AmqpConnectException: java.net.ConnectException: Connection refused: connect
2023-01-25 12:11:51.221  INFO 16920 --- [org.springframework.amqp.rabbit.RabbitListenerEndpointContainer#0-50] o.s.a.r.l.SimpleMessageListenerContainer : Restarting Consumer@681d5c51: tags=[[]], channel=null, acknowledgeMode=AUTO local queue size=0
2023-01-25 12:11:51.222  INFO 16920 --- [org.springframework.amqp.rabbit.RabbitListenerEndpointContainer#0-51] o.s.a.r.c.CachingConnectionFactory       : Attempting to connect to: [localhost:5673]
2023-01-25 12:11:56.303  WARN 16920 --- [org.springframework.amqp.rabbit.RabbitListenerEndpointContainer#0-51] o.s.a.r.l.SimpleMessageListenerContainer : Consumer raised exception, processing can restart if the connection factory supports it. Exception summary: org.springframework.amqp.AmqpConnectException: java.net.ConnectException: Connection refused: connect
2023-01-25 12:11:56.303  INFO 16920 --- [org.springframework.amqp.rabbit.RabbitListenerEndpointContainer#0-51] o.s.a.r.l.SimpleMessageListenerContainer : Restarting Consumer@2bfe19de: tags=[[]], channel=null, acknowledgeMode=AUTO local queue size=0
2023-01-25 12:11:56.304  INFO 16920 --- [org.springframework.amqp.rabbit.RabbitListenerEndpointContainer#0-52] o.s.a.r.c.CachingConnectionFactory       : Attempting to connect to: [localhost:5673]
2023-01-25 12:12:01.379  WARN 16920 --- [org.springframework.amqp.rabbit.RabbitListenerEndpointContainer#0-52] o.s.a.r.l.SimpleMessageListenerContainer : Consumer raised exception, processing can restart if the connection factory supports it. Exception summary: org.springframework.amqp.AmqpConnectException: java.net.ConnectException: Connection refused: connect
2023-01-25 12:12:01.379  INFO 16920 --- [org.springframework.amqp.rabbit.RabbitListenerEndpointContainer#0-52] o.s.a.r.l.SimpleMessageListenerContainer : Restarting Consumer@41989624: tags=[[]], channel=null, acknowledgeMode=AUTO local queue size=0
2023-01-25 12:12:01.380  INFO 16920 --- [org.springframework.amqp.rabbit.RabbitListenerEndpointContainer#0-53] o.s.a.r.c.CachingConnectionFactory       : Attempting to connect to: [localhost:5673]
2023-01-25 12:12:06.478  WARN 16920 --- [org.springframework.amqp.rabbit.RabbitListenerEndpointContainer#0-53] o.s.a.r.l.SimpleMessageListenerContainer : Consumer raised exception, processing can restart if the connection factory supports it. Exception summary: org.springframework.amqp.AmqpConnectException: java.net.ConnectException: Connection refused: connect
2023-01-25 12:12:06.478  INFO 16920 --- [org.springframework.amqp.rabbit.RabbitListenerEndpointContainer#0-53] o.s.a.r.l.SimpleMessageListenerContainer : Restarting Consumer@4e45399e: tags=[[]], channel=null, acknowledgeMode=AUTO local queue size=0
2023-01-25 12:12:06.479  INFO 16920 --- [org.springframework.amqp.rabbit.RabbitListenerEndpointContainer#0-54] o.s.a.r.c.CachingConnectionFactory       : Attempting to connect to: [localhost:5673]
2023-01-25 12:12:11.556  WARN 16920 --- [org.springframework.amqp.rabbit.RabbitListenerEndpointContainer#0-54] o.s.a.r.l.SimpleMessageListenerContainer : Consumer raised exception, processing can restart if the connection factory supports it. Exception summary: org.springframework.amqp.AmqpConnectException: java.net.ConnectException: Connection refused: connect
2023-01-25 12:12:11.556  INFO 16920 --- [org.springframework.amqp.rabbit.RabbitListenerEndpointContainer#0-54] o.s.a.r.l.SimpleMessageListenerContainer : Restarting Consumer@22f93b4d: tags=[[]], channel=null, acknowledgeMode=AUTO local queue size=0
2023-01-25 12:12:11.570  INFO 16920 --- [org.springframework.amqp.rabbit.RabbitListenerEndpointContainer#0-55] o.s.a.r.c.CachingConnectionFactory       : Attempting to connect to: [localhost:5673]
2023-01-25 12:12:16.720  WARN 16920 --- [org.springframework.amqp.rabbit.RabbitListenerEndpointContainer#0-55] o.s.a.r.l.SimpleMessageListenerContainer : Consumer raised exception, processing can restart if the connection factory supports it. Exception summary: org.springframework.amqp.AmqpConnectException: java.net.ConnectException: Connection refused: connect
2023-01-25 12:12:16.721  INFO 16920 --- [org.springframework.amqp.rabbit.RabbitListenerEndpointContainer#0-55] o.s.a.r.l.SimpleMessageListenerContainer : Restarting Consumer@215b84bc: tags=[[]], channel=null, acknowledgeMode=AUTO local queue size=0
2023-01-25 12:12:16.727  INFO 16920 --- [org.springframework.amqp.rabbit.RabbitListenerEndpointContainer#0-56] o.s.a.r.c.CachingConnectionFactory       : Attempting to connect to: [localhost:5673]
2023-01-25 12:12:21.845  WARN 16920 --- [org.springframework.amqp.rabbit.RabbitListenerEndpointContainer#0-56] o.s.a.r.l.SimpleMessageListenerContainer : Consumer raised exception, processing can restart if the connection factory supports it. Exception summary: org.springframework.amqp.AmqpConnectException: java.net.ConnectException: Connection refused: connect
2023-01-25 12:12:21.846  INFO 16920 --- [org.springframework.amqp.rabbit.RabbitListenerEndpointContainer#0-56] o.s.a.r.l.SimpleMessageListenerContainer : Restarting Consumer@5ba5bcaa: tags=[[]], channel=null, acknowledgeMode=AUTO local queue size=0
2023-01-25 12:12:21.847  INFO 16920 --- [org.springframework.amqp.rabbit.RabbitListenerEndpointContainer#0-57] o.s.a.r.c.CachingConnectionFactory       : Attempting to connect to: [localhost:5673]
2023-01-25 12:12:26.960  WARN 16920 --- [org.springframework.amqp.rabbit.RabbitListenerEndpointContainer#0-57] o.s.a.r.l.SimpleMessageListenerContainer : Consumer raised exception, processing can restart if the connection factory supports it. Exception summary: org.springframework.amqp.AmqpConnectException: java.net.ConnectException: Connection refused: connect
2023-01-25 12:12:26.960  INFO 16920 --- [org.springframework.amqp.rabbit.RabbitListenerEndpointContainer#0-57] o.s.a.r.l.SimpleMessageListenerContainer : Restarting Consumer@43951769: tags=[[]], channel=null, acknowledgeMode=AUTO local queue size=0
2023-01-25 12:12:26.961  INFO 16920 --- [org.springframework.amqp.rabbit.RabbitListenerEndpointContainer#0-58] o.s.a.r.c.CachingConnectionFactory       : Attempting to connect to: [localhost:5673]
2023-01-25 12:12:32.033  WARN 16920 --- [org.springframework.amqp.rabbit.RabbitListenerEndpointContainer#0-58] o.s.a.r.l.SimpleMessageListenerContainer : Consumer raised exception, processing can restart if the connection factory supports it. Exception summary: org.springframework.amqp.AmqpConnectException: java.net.ConnectException: Connection refused: connect
2023-01-25 12:12:32.033  INFO 16920 --- [org.springframework.amqp.rabbit.RabbitListenerEndpointContainer#0-58] o.s.a.r.l.SimpleMessageListenerContainer : Restarting Consumer@1ef902b2: tags=[[]], channel=null, acknowledgeMode=AUTO local queue size=0
2023-01-25 12:12:32.034  INFO 16920 --- [org.springframework.amqp.rabbit.RabbitListenerEndpointContainer#0-59] o.s.a.r.c.CachingConnectionFactory       : Attempting to connect to: [localhost:5673]
2023-01-25 12:12:35.734  INFO 16920 --- [AsyncResolver-bootstrap-executor-0] c.n.d.s.r.aws.ConfigClusterResolver      : Resolving eureka endpoints via configuration
2023-01-25 12:12:37.123  WARN 16920 --- [org.springframework.amqp.rabbit.RabbitListenerEndpointContainer#0-59] o.s.a.r.l.SimpleMessageListenerContainer : Consumer raised exception, processing can restart if the connection factory supports it. Exception summary: org.springframework.amqp.AmqpConnectException: java.net.ConnectException: Connection refused: connect
2023-01-25 12:12:37.123  INFO 16920 --- [org.springframework.amqp.rabbit.RabbitListenerEndpointContainer#0-59] o.s.a.r.l.SimpleMessageListenerContainer : Restarting Consumer@4b5a4902: tags=[[]], channel=null, acknowledgeMode=AUTO local queue size=0
2023-01-25 12:12:37.124  INFO 16920 --- [org.springframework.amqp.rabbit.RabbitListenerEndpointContainer#0-60] o.s.a.r.c.CachingConnectionFactory       : Attempting to connect to: [localhost:5673]
2023-01-25 12:12:42.201  WARN 16920 --- [org.springframework.amqp.rabbit.RabbitListenerEndpointContainer#0-60] o.s.a.r.l.SimpleMessageListenerContainer : Consumer raised exception, processing can restart if the connection factory supports it. Exception summary: org.springframework.amqp.AmqpConnectException: java.net.ConnectException: Connection refused: connect
2023-01-25 12:12:42.201  INFO 16920 --- [org.springframework.amqp.rabbit.RabbitListenerEndpointContainer#0-60] o.s.a.r.l.SimpleMessageListenerContainer : Restarting Consumer@1d8daedc: tags=[[]], channel=null, acknowledgeMode=AUTO local queue size=0
2023-01-25 12:12:42.202  INFO 16920 --- [org.springframework.amqp.rabbit.RabbitListenerEndpointContainer#0-61] o.s.a.r.c.CachingConnectionFactory       : Attempting to connect to: [localhost:5673]
2023-01-25 12:12:47.269  WARN 16920 --- [org.springframework.amqp.rabbit.RabbitListenerEndpointContainer#0-61] o.s.a.r.l.SimpleMessageListenerContainer : Consumer raised exception, processing can restart if the connection factory supports it. Exception summary: org.springframework.amqp.AmqpConnectException: java.net.ConnectException: Connection refused: connect
2023-01-25 12:12:47.269  INFO 16920 --- [org.springframework.amqp.rabbit.RabbitListenerEndpointContainer#0-61] o.s.a.r.l.SimpleMessageListenerContainer : Restarting Consumer@6eb0c32b: tags=[[]], channel=null, acknowledgeMode=AUTO local queue size=0
2023-01-25 12:12:47.269  INFO 16920 --- [org.springframework.amqp.rabbit.RabbitListenerEndpointContainer#0-62] o.s.a.r.c.CachingConnectionFactory       : Attempting to connect to: [localhost:5673]
2023-01-25 12:12:52.348  WARN 16920 --- [org.springframework.amqp.rabbit.RabbitListenerEndpointContainer#0-62] o.s.a.r.l.SimpleMessageListenerContainer : Consumer raised exception, processing can restart if the connection factory supports it. Exception summary: org.springframework.amqp.AmqpConnectException: java.net.ConnectException: Connection refused: connect
2023-01-25 12:12:52.348  INFO 16920 --- [org.springframework.amqp.rabbit.RabbitListenerEndpointContainer#0-62] o.s.a.r.l.SimpleMessageListenerContainer : Restarting Consumer@137fa59: tags=[[]], channel=null, acknowledgeMode=AUTO local queue size=0
2023-01-25 12:12:52.349  INFO 16920 --- [org.springframework.amqp.rabbit.RabbitListenerEndpointContainer#0-63] o.s.a.r.c.CachingConnectionFactory       : Attempting to connect to: [localhost:5673]
2023-01-25 12:12:57.382  WARN 16920 --- [org.springframework.amqp.rabbit.RabbitListenerEndpointContainer#0-63] o.s.a.r.l.SimpleMessageListenerContainer : Consumer raised exception, processing can restart if the connection factory supports it. Exception summary: org.springframework.amqp.AmqpConnectException: java.net.ConnectException: Connection refused: connect
2023-01-25 12:12:57.383  INFO 16920 --- [org.springframework.amqp.rabbit.RabbitListenerEndpointContainer#0-63] o.s.a.r.l.SimpleMessageListenerContainer : Restarting Consumer@7c05d71f: tags=[[]], channel=null, acknowledgeMode=AUTO local queue size=0
2023-01-25 12:12:57.389  INFO 16920 --- [org.springframework.amqp.rabbit.RabbitListenerEndpointContainer#0-64] o.s.a.r.c.CachingConnectionFactory       : Attempting to connect to: [localhost:5673]
2023-01-25 12:13:02.456  WARN 16920 --- [org.springframework.amqp.rabbit.RabbitListenerEndpointContainer#0-64] o.s.a.r.l.SimpleMessageListenerContainer : Consumer raised exception, processing can restart if the connection factory supports it. Exception summary: org.springframework.amqp.AmqpConnectException: java.net.ConnectException: Connection refused: connect
2023-01-25 12:13:02.456  INFO 16920 --- [org.springframework.amqp.rabbit.RabbitListenerEndpointContainer#0-64] o.s.a.r.l.SimpleMessageListenerContainer : Restarting Consumer@14383d44: tags=[[]], channel=null, acknowledgeMode=AUTO local queue size=0
2023-01-25 12:13:02.458  INFO 16920 --- [org.springframework.amqp.rabbit.RabbitListenerEndpointContainer#0-65] o.s.a.r.c.CachingConnectionFactory       : Attempting to connect to: [localhost:5673]
2023-01-25 12:13:07.652  WARN 16920 --- [org.springframework.amqp.rabbit.RabbitListenerEndpointContainer#0-65] o.s.a.r.l.SimpleMessageListenerContainer : Consumer raised exception, processing can restart if the connection factory supports it. Exception summary: org.springframework.amqp.AmqpConnectException: java.net.ConnectException: Connection refused: connect
2023-01-25 12:13:07.652  INFO 16920 --- [org.springframework.amqp.rabbit.RabbitListenerEndpointContainer#0-65] o.s.a.r.l.SimpleMessageListenerContainer : Restarting Consumer@6bacfdbf: tags=[[]], channel=null, acknowledgeMode=AUTO local queue size=0
2023-01-25 12:13:07.653  INFO 16920 --- [org.springframework.amqp.rabbit.RabbitListenerEndpointContainer#0-66] o.s.a.r.c.CachingConnectionFactory       : Attempting to connect to: [localhost:5673]
2023-01-25 12:13:12.790  WARN 16920 --- [org.springframework.amqp.rabbit.RabbitListenerEndpointContainer#0-66] o.s.a.r.l.SimpleMessageListenerContainer : Consumer raised exception, processing can restart if the connection factory supports it. Exception summary: org.springframework.amqp.AmqpConnectException: java.net.ConnectException: Connection refused: connect
2023-01-25 12:13:12.790  INFO 16920 --- [org.springframework.amqp.rabbit.RabbitListenerEndpointContainer#0-66] o.s.a.r.l.SimpleMessageListenerContainer : Restarting Consumer@1bb6bbad: tags=[[]], channel=null, acknowledgeMode=AUTO local queue size=0
2023-01-25 12:13:12.791  INFO 16920 --- [org.springframework.amqp.rabbit.RabbitListenerEndpointContainer#0-67] o.s.a.r.c.CachingConnectionFactory       : Attempting to connect to: [localhost:5673]
2023-01-25 12:13:17.891  WARN 16920 --- [org.springframework.amqp.rabbit.RabbitListenerEndpointContainer#0-67] o.s.a.r.l.SimpleMessageListenerContainer : Consumer raised exception, processing can restart if the connection factory supports it. Exception summary: org.springframework.amqp.AmqpConnectException: java.net.ConnectException: Connection refused: connect
2023-01-25 12:13:17.891  INFO 16920 --- [org.springframework.amqp.rabbit.RabbitListenerEndpointContainer#0-67] o.s.a.r.l.SimpleMessageListenerContainer : Restarting Consumer@23939642: tags=[[]], channel=null, acknowledgeMode=AUTO local queue size=0
2023-01-25 12:13:17.892  INFO 16920 --- [org.springframework.amqp.rabbit.RabbitListenerEndpointContainer#0-68] o.s.a.r.c.CachingConnectionFactory       : Attempting to connect to: [localhost:5673]
2023-01-25 12:13:23.014  WARN 16920 --- [org.springframework.amqp.rabbit.RabbitListenerEndpointContainer#0-68] o.s.a.r.l.SimpleMessageListenerContainer : Consumer raised exception, processing can restart if the connection factory supports it. Exception summary: org.springframework.amqp.AmqpConnectException: java.net.ConnectException: Connection refused: connect
2023-01-25 12:13:23.014  INFO 16920 --- [org.springframework.amqp.rabbit.RabbitListenerEndpointContainer#0-68] o.s.a.r.l.SimpleMessageListenerContainer : Restarting Consumer@3055c1a4: tags=[[]], channel=null, acknowledgeMode=AUTO local queue size=0
2023-01-25 12:13:23.015  INFO 16920 --- [org.springframework.amqp.rabbit.RabbitListenerEndpointContainer#0-69] o.s.a.r.c.CachingConnectionFactory       : Attempting to connect to: [localhost:5673]
2023-01-25 12:13:28.116  WARN 16920 --- [org.springframework.amqp.rabbit.RabbitListenerEndpointContainer#0-69] o.s.a.r.l.SimpleMessageListenerContainer : Consumer raised exception, processing can restart if the connection factory supports it. Exception summary: org.springframework.amqp.AmqpConnectException: java.net.ConnectException: Connection refused: connect
2023-01-25 12:13:28.116  INFO 16920 --- [org.springframework.amqp.rabbit.RabbitListenerEndpointContainer#0-69] o.s.a.r.l.SimpleMessageListenerContainer : Restarting Consumer@5558586f: tags=[[]], channel=null, acknowledgeMode=AUTO local queue size=0
2023-01-25 12:13:28.117  INFO 16920 --- [org.springframework.amqp.rabbit.RabbitListenerEndpointContainer#0-70] o.s.a.r.c.CachingConnectionFactory       : Attempting to connect to: [localhost:5673]
2023-01-25 12:13:33.223  WARN 16920 --- [org.springframework.amqp.rabbit.RabbitListenerEndpointContainer#0-70] o.s.a.r.l.SimpleMessageListenerContainer : Consumer raised exception, processing can restart if the connection factory supports it. Exception summary: org.springframework.amqp.AmqpConnectException: java.net.ConnectException: Connection refused: connect
2023-01-25 12:13:33.223  INFO 16920 --- [org.springframework.amqp.rabbit.RabbitListenerEndpointContainer#0-70] o.s.a.r.l.SimpleMessageListenerContainer : Restarting Consumer@326eb8f7: tags=[[]], channel=null, acknowledgeMode=AUTO local queue size=0
2023-01-25 12:13:33.224  INFO 16920 --- [org.springframework.amqp.rabbit.RabbitListenerEndpointContainer#0-71] o.s.a.r.c.CachingConnectionFactory       : Attempting to connect to: [localhost:5673]
2023-01-25 12:13:38.323  WARN 16920 --- [org.springframework.amqp.rabbit.RabbitListenerEndpointContainer#0-71] o.s.a.r.l.SimpleMessageListenerContainer : Consumer raised exception, processing can restart if the connection factory supports it. Exception summary: org.springframework.amqp.AmqpConnectException: java.net.ConnectException: Connection refused: connect
2023-01-25 12:13:38.323  INFO 16920 --- [org.springframework.amqp.rabbit.RabbitListenerEndpointContainer#0-71] o.s.a.r.l.SimpleMessageListenerContainer : Restarting Consumer@44098969: tags=[[]], channel=null, acknowledgeMode=AUTO local queue size=0
2023-01-25 12:13:38.324  INFO 16920 --- [org.springframework.amqp.rabbit.RabbitListenerEndpointContainer#0-72] o.s.a.r.c.CachingConnectionFactory       : Attempting to connect to: [localhost:5673]
2023-01-25 12:13:43.415  WARN 16920 --- [org.springframework.amqp.rabbit.RabbitListenerEndpointContainer#0-72] o.s.a.r.l.SimpleMessageListenerContainer : Consumer raised exception, processing can restart if the connection factory supports it. Exception summary: org.springframework.amqp.AmqpConnectException: java.net.ConnectException: Connection refused: connect
2023-01-25 12:13:43.415  INFO 16920 --- [org.springframework.amqp.rabbit.RabbitListenerEndpointContainer#0-72] o.s.a.r.l.SimpleMessageListenerContainer : Restarting Consumer@79bc15d0: tags=[[]], channel=null, acknowledgeMode=AUTO local queue size=0
2023-01-25 12:13:43.416  INFO 16920 --- [org.springframework.amqp.rabbit.RabbitListenerEndpointContainer#0-73] o.s.a.r.c.CachingConnectionFactory       : Attempting to connect to: [localhost:5673]
2023-01-25 12:13:48.508  WARN 16920 --- [org.springframework.amqp.rabbit.RabbitListenerEndpointContainer#0-73] o.s.a.r.l.SimpleMessageListenerContainer : Consumer raised exception, processing can restart if the connection factory supports it. Exception summary: org.springframework.amqp.AmqpConnectException: java.net.ConnectException: Connection refused: connect
2023-01-25 12:13:48.508  INFO 16920 --- [org.springframework.amqp.rabbit.RabbitListenerEndpointContainer#0-73] o.s.a.r.l.SimpleMessageListenerContainer : Restarting Consumer@27c99b61: tags=[[]], channel=null, acknowledgeMode=AUTO local queue size=0
2023-01-25 12:13:48.509  INFO 16920 --- [org.springframework.amqp.rabbit.RabbitListenerEndpointContainer#0-74] o.s.a.r.c.CachingConnectionFactory       : Attempting to connect to: [localhost:5673]
2023-01-25 12:13:53.655  WARN 16920 --- [org.springframework.amqp.rabbit.RabbitListenerEndpointContainer#0-74] o.s.a.r.l.SimpleMessageListenerContainer : Consumer raised exception, processing can restart if the connection factory supports it. Exception summary: org.springframework.amqp.AmqpConnectException: java.net.ConnectException: Connection refused: connect
2023-01-25 12:13:53.657  INFO 16920 --- [org.springframework.amqp.rabbit.RabbitListenerEndpointContainer#0-74] o.s.a.r.l.SimpleMessageListenerContainer : Restarting Consumer@4daff06d: tags=[[]], channel=null, acknowledgeMode=AUTO local queue size=0
2023-01-25 12:13:53.660  INFO 16920 --- [org.springframework.amqp.rabbit.RabbitListenerEndpointContainer#0-75] o.s.a.r.c.CachingConnectionFactory       : Attempting to connect to: [localhost:5673]
2023-01-25 12:13:58.797  WARN 16920 --- [org.springframework.amqp.rabbit.RabbitListenerEndpointContainer#0-75] o.s.a.r.l.SimpleMessageListenerContainer : Consumer raised exception, processing can restart if the connection factory supports it. Exception summary: org.springframework.amqp.AmqpConnectException: java.net.ConnectException: Connection refused: connect
2023-01-25 12:13:58.797  INFO 16920 --- [org.springframework.amqp.rabbit.RabbitListenerEndpointContainer#0-75] o.s.a.r.l.SimpleMessageListenerContainer : Restarting Consumer@7a75112c: tags=[[]], channel=null, acknowledgeMode=AUTO local queue size=0
2023-01-25 12:13:58.798  INFO 16920 --- [org.springframework.amqp.rabbit.RabbitListenerEndpointContainer#0-76] o.s.a.r.c.CachingConnectionFactory       : Attempting to connect to: [localhost:5673]
2023-01-25 12:14:03.918  WARN 16920 --- [org.springframework.amqp.rabbit.RabbitListenerEndpointContainer#0-76] o.s.a.r.l.SimpleMessageListenerContainer : Consumer raised exception, processing can restart if the connection factory supports it. Exception summary: org.springframework.amqp.AmqpConnectException: java.net.ConnectException: Connection refused: connect
2023-01-25 12:14:03.918  INFO 16920 --- [org.springframework.amqp.rabbit.RabbitListenerEndpointContainer#0-76] o.s.a.r.l.SimpleMessageListenerContainer : Restarting Consumer@605eafe9: tags=[[]], channel=null, acknowledgeMode=AUTO local queue size=0
2023-01-25 12:14:03.919  INFO 16920 --- [org.springframework.amqp.rabbit.RabbitListenerEndpointContainer#0-77] o.s.a.r.c.CachingConnectionFactory       : Attempting to connect to: [localhost:5673]
2023-01-25 12:14:08.988  WARN 16920 --- [org.springframework.amqp.rabbit.RabbitListenerEndpointContainer#0-77] o.s.a.r.l.SimpleMessageListenerContainer : Consumer raised exception, processing can restart if the connection factory supports it. Exception summary: org.springframework.amqp.AmqpConnectException: java.net.ConnectException: Connection refused: connect
2023-01-25 12:14:08.988  INFO 16920 --- [org.springframework.amqp.rabbit.RabbitListenerEndpointContainer#0-77] o.s.a.r.l.SimpleMessageListenerContainer : Restarting Consumer@edec24f: tags=[[]], channel=null, acknowledgeMode=AUTO local queue size=0
2023-01-25 12:14:08.989  INFO 16920 --- [org.springframework.amqp.rabbit.RabbitListenerEndpointContainer#0-78] o.s.a.r.c.CachingConnectionFactory       : Attempting to connect to: [localhost:5673]
2023-01-25 12:14:14.076  WARN 16920 --- [org.springframework.amqp.rabbit.RabbitListenerEndpointContainer#0-78] o.s.a.r.l.SimpleMessageListenerContainer : Consumer raised exception, processing can restart if the connection factory supports it. Exception summary: org.springframework.amqp.AmqpConnectException: java.net.ConnectException: Connection refused: connect
2023-01-25 12:14:14.076  INFO 16920 --- [org.springframework.amqp.rabbit.RabbitListenerEndpointContainer#0-78] o.s.a.r.l.SimpleMessageListenerContainer : Restarting Consumer@7ca53c88: tags=[[]], channel=null, acknowledgeMode=AUTO local queue size=0
2023-01-25 12:14:14.077  INFO 16920 --- [org.springframework.amqp.rabbit.RabbitListenerEndpointContainer#0-79] o.s.a.r.c.CachingConnectionFactory       : Attempting to connect to: [localhost:5673]
2023-01-25 12:14:19.153  WARN 16920 --- [org.springframework.amqp.rabbit.RabbitListenerEndpointContainer#0-79] o.s.a.r.l.SimpleMessageListenerContainer : Consumer raised exception, processing can restart if the connection factory supports it. Exception summary: org.springframework.amqp.AmqpConnectException: java.net.ConnectException: Connection refused: connect
2023-01-25 12:14:19.153  INFO 16920 --- [org.springframework.amqp.rabbit.RabbitListenerEndpointContainer#0-79] o.s.a.r.l.SimpleMessageListenerContainer : Restarting Consumer@318eef0f: tags=[[]], channel=null, acknowledgeMode=AUTO local queue size=0
2023-01-25 12:14:19.154  INFO 16920 --- [org.springframework.amqp.rabbit.RabbitListenerEndpointContainer#0-80] o.s.a.r.c.CachingConnectionFactory       : Attempting to connect to: [localhost:5673]
2023-01-25 12:14:24.243  WARN 16920 --- [org.springframework.amqp.rabbit.RabbitListenerEndpointContainer#0-80] o.s.a.r.l.SimpleMessageListenerContainer : Consumer raised exception, processing can restart if the connection factory supports it. Exception summary: org.springframework.amqp.AmqpConnectException: java.net.ConnectException: Connection refused: connect
2023-01-25 12:14:24.243  INFO 16920 --- [org.springframework.amqp.rabbit.RabbitListenerEndpointContainer#0-80] o.s.a.r.l.SimpleMessageListenerContainer : Restarting Consumer@376bfc9d: tags=[[]], channel=null, acknowledgeMode=AUTO local queue size=0
2023-01-25 12:14:24.244  INFO 16920 --- [org.springframework.amqp.rabbit.RabbitListenerEndpointContainer#0-81] o.s.a.r.c.CachingConnectionFactory       : Attempting to connect to: [localhost:5673]
2023-01-25 12:14:29.324  WARN 16920 --- [org.springframework.amqp.rabbit.RabbitListenerEndpointContainer#0-81] o.s.a.r.l.SimpleMessageListenerContainer : Consumer raised exception, processing can restart if the connection factory supports it. Exception summary: org.springframework.amqp.AmqpConnectException: java.net.ConnectException: Connection refused: connect
2023-01-25 12:14:29.324  INFO 16920 --- [org.springframework.amqp.rabbit.RabbitListenerEndpointContainer#0-81] o.s.a.r.l.SimpleMessageListenerContainer : Restarting Consumer@7308cf58: tags=[[]], channel=null, acknowledgeMode=AUTO local queue size=0
2023-01-25 12:14:29.325  INFO 16920 --- [org.springframework.amqp.rabbit.RabbitListenerEndpointContainer#0-82] o.s.a.r.c.CachingConnectionFactory       : Attempting to connect to: [localhost:5673]
2023-01-25 12:14:34.425  WARN 16920 --- [org.springframework.amqp.rabbit.RabbitListenerEndpointContainer#0-82] o.s.a.r.l.SimpleMessageListenerContainer : Consumer raised exception, processing can restart if the connection factory supports it. Exception summary: org.springframework.amqp.AmqpConnectException: java.net.ConnectException: Connection refused: connect
2023-01-25 12:14:34.425  INFO 16920 --- [org.springframework.amqp.rabbit.RabbitListenerEndpointContainer#0-82] o.s.a.r.l.SimpleMessageListenerContainer : Restarting Consumer@2ea2ef30: tags=[[]], channel=null, acknowledgeMode=AUTO local queue size=0
2023-01-25 12:14:34.427  INFO 16920 --- [org.springframework.amqp.rabbit.RabbitListenerEndpointContainer#0-83] o.s.a.r.c.CachingConnectionFactory       : Attempting to connect to: [localhost:5673]
2023-01-25 12:14:39.506  WARN 16920 --- [org.springframework.amqp.rabbit.RabbitListenerEndpointContainer#0-83] o.s.a.r.l.SimpleMessageListenerContainer : Consumer raised exception, processing can restart if the connection factory supports it. Exception summary: org.springframework.amqp.AmqpConnectException: java.net.ConnectException: Connection refused: connect
2023-01-25 12:14:39.506  INFO 16920 --- [org.springframework.amqp.rabbit.RabbitListenerEndpointContainer#0-83] o.s.a.r.l.SimpleMessageListenerContainer : Restarting Consumer@6ad0a1c2: tags=[[]], channel=null, acknowledgeMode=AUTO local queue size=0
2023-01-25 12:14:39.507  INFO 16920 --- [org.springframework.amqp.rabbit.RabbitListenerEndpointContainer#0-84] o.s.a.r.c.CachingConnectionFactory       : Attempting to connect to: [localhost:5673]
2023-01-25 12:14:44.581  WARN 16920 --- [org.springframework.amqp.rabbit.RabbitListenerEndpointContainer#0-84] o.s.a.r.l.SimpleMessageListenerContainer : Consumer raised exception, processing can restart if the connection factory supports it. Exception summary: org.springframework.amqp.AmqpConnectException: java.net.ConnectException: Connection refused: connect
2023-01-25 12:14:44.581  INFO 16920 --- [org.springframework.amqp.rabbit.RabbitListenerEndpointContainer#0-84] o.s.a.r.l.SimpleMessageListenerContainer : Restarting Consumer@73c48c84: tags=[[]], channel=null, acknowledgeMode=AUTO local queue size=0
2023-01-25 12:14:44.582  INFO 16920 --- [org.springframework.amqp.rabbit.RabbitListenerEndpointContainer#0-85] o.s.a.r.c.CachingConnectionFactory       : Attempting to connect to: [localhost:5673]
2023-01-25 12:14:49.652  WARN 16920 --- [org.springframework.amqp.rabbit.RabbitListenerEndpointContainer#0-85] o.s.a.r.l.SimpleMessageListenerContainer : Consumer raised exception, processing can restart if the connection factory supports it. Exception summary: org.springframework.amqp.AmqpConnectException: java.net.ConnectException: Connection refused: connect
2023-01-25 12:14:49.652  INFO 16920 --- [org.springframework.amqp.rabbit.RabbitListenerEndpointContainer#0-85] o.s.a.r.l.SimpleMessageListenerContainer : Restarting Consumer@62b74e4f: tags=[[]], channel=null, acknowledgeMode=AUTO local queue size=0
