2023-01-25 12:10:05.424  INFO 27188 --- [restartedMain] n.d.c.m.MicroserviceClienteApplication   : Starting MicroserviceClienteApplication using Java 11.0.16.1 on GOVBR8499 with PID 27188 (C:\Users\thiago.melo\IdeaProjects\microsservicos-credito-api\microservice-cliente\target\classes started by thiago.melo in C:\Users\thiago.melo\IdeaProjects\microsservicos-credito-api\microservice-cliente)
2023-01-25 12:10:05.431  INFO 27188 --- [restartedMain] n.d.c.m.MicroserviceClienteApplication   : The following 1 profile is active: "local"
2023-01-25 12:10:05.504  INFO 27188 --- [restartedMain] .e.DevToolsPropertyDefaultsPostProcessor : Devtools property defaults active! Set 'spring.devtools.add-properties' to 'false' to disable
2023-01-25 12:10:05.505  INFO 27188 --- [restartedMain] .e.DevToolsPropertyDefaultsPostProcessor : For additional web related logging consider setting the 'logging.level.web' property to 'DEBUG'
2023-01-25 12:10:07.593  INFO 27188 --- [restartedMain] .s.d.r.c.RepositoryConfigurationDelegate : Bootstrapping Spring Data JPA repositories in DEFAULT mode.
2023-01-25 12:10:07.941  INFO 27188 --- [restartedMain] .s.d.r.c.RepositoryConfigurationDelegate : Finished Spring Data repository scanning in 323 ms. Found 1 JPA repository interfaces.
2023-01-25 12:10:08.347  INFO 27188 --- [restartedMain] o.s.cloud.context.scope.GenericScope     : BeanFactory id=1bc32d0c-c38a-39af-bf69-edad96b8c46c
2023-01-25 12:10:09.484  INFO 27188 --- [restartedMain] o.s.b.w.embedded.tomcat.TomcatWebServer  : Tomcat initialized with port(s): 0 (http)
2023-01-25 12:10:09.501  INFO 27188 --- [restartedMain] o.apache.catalina.core.StandardService   : Starting service [Tomcat]
2023-01-25 12:10:09.501  INFO 27188 --- [restartedMain] org.apache.catalina.core.StandardEngine  : Starting Servlet engine: [Apache Tomcat/9.0.58]
2023-01-25 12:10:09.705  INFO 27188 --- [restartedMain] o.a.c.c.C.[Tomcat].[localhost].[/]       : Initializing Spring embedded WebApplicationContext
2023-01-25 12:10:09.706  INFO 27188 --- [restartedMain] w.s.c.ServletWebServerApplicationContext : Root WebApplicationContext: initialization completed in 4200 ms
2023-01-25 12:10:09.910  INFO 27188 --- [restartedMain] com.zaxxer.hikari.HikariDataSource       : HikariPool-1 - Starting...
2023-01-25 12:10:10.252  INFO 27188 --- [restartedMain] com.zaxxer.hikari.HikariDataSource       : HikariPool-1 - Start completed.
2023-01-25 12:10:10.268  INFO 27188 --- [restartedMain] o.s.b.a.h2.H2ConsoleAutoConfiguration    : H2 console available at '/h2-console'. Database available at 'jdbc:h2:mem:b507a74c-4a8f-40b0-9473-a14005d5d112'
2023-01-25 12:10:10.602  INFO 27188 --- [restartedMain] o.hibernate.jpa.internal.util.LogHelper  : HHH000204: Processing PersistenceUnitInfo [name: default]
2023-01-25 12:10:10.717  INFO 27188 --- [restartedMain] org.hibernate.Version                    : HHH000412: Hibernate ORM core version 5.6.5.Final
2023-01-25 12:10:10.945  INFO 27188 --- [restartedMain] o.hibernate.annotations.common.Version   : HCANN000001: Hibernate Commons Annotations {5.1.2.Final}
2023-01-25 12:10:11.154  INFO 27188 --- [restartedMain] org.hibernate.dialect.Dialect            : HHH000400: Using dialect: org.hibernate.dialect.H2Dialect
2023-01-25 12:10:12.447  INFO 27188 --- [restartedMain] o.h.e.t.j.p.i.JtaPlatformInitiator       : HHH000490: Using JtaPlatform implementation: [org.hibernate.engine.transaction.jta.platform.internal.NoJtaPlatform]
2023-01-25 12:10:12.463  INFO 27188 --- [restartedMain] j.LocalContainerEntityManagerFactoryBean : Initialized JPA EntityManagerFactory for persistence unit 'default'
2023-01-25 12:10:13.284  WARN 27188 --- [restartedMain] JpaBaseConfiguration$JpaWebConfiguration : spring.jpa.open-in-view is enabled by default. Therefore, database queries may be performed during view rendering. Explicitly configure spring.jpa.open-in-view to disable this warning
2023-01-25 12:10:15.771  WARN 27188 --- [restartedMain] o.s.b.d.a.OptionalLiveReloadServer       : Unable to start LiveReload server
2023-01-25 12:10:16.095  INFO 27188 --- [restartedMain] DiscoveryClientOptionalArgsConfiguration : Eureka HTTP Client uses RestTemplate.
2023-01-25 12:10:16.221  WARN 27188 --- [restartedMain] iguration$LoadBalancerCaffeineWarnLogger : Spring Cloud LoadBalancer is currently working with the default cache. While this cache implementation is useful for development and tests, it's recommended to use Caffeine cache in production.You can switch to using Caffeine cache, by adding it and org.springframework.cache.caffeine.CaffeineCacheManager to the classpath.
2023-01-25 12:10:16.260  INFO 27188 --- [restartedMain] o.s.b.a.e.web.EndpointLinksResolver      : Exposing 17 endpoint(s) beneath base path '/actuator'
2023-01-25 12:10:16.342  INFO 27188 --- [restartedMain] o.s.b.w.embedded.tomcat.TomcatWebServer  : Tomcat started on port(s): 62417 (http) with context path ''
2023-01-25 12:10:16.344  INFO 27188 --- [restartedMain] .s.c.n.e.s.EurekaAutoServiceRegistration : Updating port to 62417
2023-01-25 12:10:16.351  INFO 27188 --- [restartedMain] o.s.c.n.eureka.InstanceInfoFactory       : Setting initial instance status as: STARTING
2023-01-25 12:10:16.532  INFO 27188 --- [restartedMain] com.netflix.discovery.DiscoveryClient    : Initializing Eureka in region us-east-1
2023-01-25 12:10:16.555  INFO 27188 --- [restartedMain] c.n.d.s.r.aws.ConfigClusterResolver      : Resolving eureka endpoints via configuration
2023-01-25 12:10:16.660  INFO 27188 --- [restartedMain] com.netflix.discovery.DiscoveryClient    : Disable delta property : false
2023-01-25 12:10:16.660  INFO 27188 --- [restartedMain] com.netflix.discovery.DiscoveryClient    : Single vip registry refresh property : null
2023-01-25 12:10:16.660  INFO 27188 --- [restartedMain] com.netflix.discovery.DiscoveryClient    : Force full registry fetch : false
2023-01-25 12:10:16.660  INFO 27188 --- [restartedMain] com.netflix.discovery.DiscoveryClient    : Application is null : false
2023-01-25 12:10:16.661  INFO 27188 --- [restartedMain] com.netflix.discovery.DiscoveryClient    : Registered Applications size is zero : true
2023-01-25 12:10:16.661  INFO 27188 --- [restartedMain] com.netflix.discovery.DiscoveryClient    : Application version is -1: true
2023-01-25 12:10:16.661  INFO 27188 --- [restartedMain] com.netflix.discovery.DiscoveryClient    : Getting all instance registry info from the eureka server
2023-01-25 12:10:17.455  INFO 27188 --- [restartedMain] com.netflix.discovery.DiscoveryClient    : The response status is 200
2023-01-25 12:10:17.459  INFO 27188 --- [restartedMain] com.netflix.discovery.DiscoveryClient    : Starting heartbeat executor: renew interval is: 30
2023-01-25 12:10:17.463  INFO 27188 --- [restartedMain] c.n.discovery.InstanceInfoReplicator     : InstanceInfoReplicator onDemand update allowed rate per min is 4
2023-01-25 12:10:17.469  INFO 27188 --- [restartedMain] com.netflix.discovery.DiscoveryClient    : Discovery Client initialized at timestamp 1674659417468 with initial instances count: 1
2023-01-25 12:10:17.475  INFO 27188 --- [restartedMain] o.s.c.n.e.s.EurekaServiceRegistry        : Registering application MICROSERVICE-CLIENTE with eureka with status UP
2023-01-25 12:10:17.476  INFO 27188 --- [restartedMain] com.netflix.discovery.DiscoveryClient    : Saw local status change event StatusChangeEvent [timestamp=1674659417476, current=UP, previous=STARTING]
2023-01-25 12:10:17.510  INFO 27188 --- [DiscoveryClient-InstanceInfoReplicator-0] com.netflix.discovery.DiscoveryClient    : DiscoveryClient_MICROSERVICE-CLIENTE/microservice-cliente:c8020eaad98d9bfe3acc8c1ca0deb748: registering service...
2023-01-25 12:10:17.651  INFO 27188 --- [DiscoveryClient-InstanceInfoReplicator-0] com.netflix.discovery.DiscoveryClient    : DiscoveryClient_MICROSERVICE-CLIENTE/microservice-cliente:c8020eaad98d9bfe3acc8c1ca0deb748 - registration status: 204
2023-01-25 12:10:17.893  INFO 27188 --- [restartedMain] n.d.c.m.MicroserviceClienteApplication   : Started MicroserviceClienteApplication in 13.628 seconds (JVM running for 14.853)
2023-01-25 12:10:33.657  INFO 27188 --- [http-nio-auto-1-exec-2] o.a.c.c.C.[Tomcat].[localhost].[/]       : Initializing Spring DispatcherServlet 'dispatcherServlet'
2023-01-25 12:10:33.658  INFO 27188 --- [http-nio-auto-1-exec-2] o.s.web.servlet.DispatcherServlet        : Initializing Servlet 'dispatcherServlet'
2023-01-25 12:10:33.661  INFO 27188 --- [http-nio-auto-1-exec-2] o.s.web.servlet.DispatcherServlet        : Completed initialization in 3 ms
