2023-01-25 12:12:16.430  INFO 16596 --- [restartedMain] n.d.c.m.MicroserviceAvaliadorApplication : Starting MicroserviceAvaliadorApplication using Java 11.0.16.1 on GOVBR8499 with PID 16596 (C:\Users\thiago.melo\IdeaProjects\microsservicos-credito-api\microservice-avaliador\target\classes started by thiago.melo in C:\Users\thiago.melo\IdeaProjects\microsservicos-credito-api\microservice-avaliador)
2023-01-25 12:12:16.438  INFO 16596 --- [restartedMain] n.d.c.m.MicroserviceAvaliadorApplication : The following 1 profile is active: "local"
2023-01-25 12:12:16.509  INFO 16596 --- [restartedMain] .e.DevToolsPropertyDefaultsPostProcessor : Devtools property defaults active! Set 'spring.devtools.add-properties' to 'false' to disable
2023-01-25 12:12:16.510  INFO 16596 --- [restartedMain] .e.DevToolsPropertyDefaultsPostProcessor : For additional web related logging consider setting the 'logging.level.web' property to 'DEBUG'
2023-01-25 12:12:18.517  INFO 16596 --- [restartedMain] o.s.cloud.context.scope.GenericScope     : BeanFactory id=c117c671-d560-3f54-873d-3f60fafa122c
2023-01-25 12:12:19.758  INFO 16596 --- [restartedMain] o.s.b.w.embedded.tomcat.TomcatWebServer  : Tomcat initialized with port(s): 0 (http)
2023-01-25 12:12:19.771  INFO 16596 --- [restartedMain] o.apache.catalina.core.StandardService   : Starting service [Tomcat]
2023-01-25 12:12:19.772  INFO 16596 --- [restartedMain] org.apache.catalina.core.StandardEngine  : Starting Servlet engine: [Apache Tomcat/9.0.70]
2023-01-25 12:12:19.948  INFO 16596 --- [restartedMain] o.a.c.c.C.[Tomcat].[localhost].[/]       : Initializing Spring embedded WebApplicationContext
2023-01-25 12:12:19.948  INFO 16596 --- [restartedMain] w.s.c.ServletWebServerApplicationContext : Root WebApplicationContext: initialization completed in 3437 ms
2023-01-25 12:12:20.843  WARN 16596 --- [restartedMain] o.s.b.d.a.OptionalLiveReloadServer       : Unable to start LiveReload server
2023-01-25 12:12:20.921  INFO 16596 --- [restartedMain] o.s.c.openfeign.FeignClientFactoryBean   : For 'microservice-cliente' URL not provided. Will try picking an instance via load-balancing.
2023-01-25 12:12:21.005  INFO 16596 --- [restartedMain] o.s.c.openfeign.FeignClientFactoryBean   : For 'microservice-cartoes' URL not provided. Will try picking an instance via load-balancing.
2023-01-25 12:12:23.458  INFO 16596 --- [restartedMain] DiscoveryClientOptionalArgsConfiguration : Eureka HTTP Client uses RestTemplate.
2023-01-25 12:12:23.528  WARN 16596 --- [restartedMain] iguration$LoadBalancerCaffeineWarnLogger : Spring Cloud LoadBalancer is currently working with the default cache. While this cache implementation is useful for development and tests, it's recommended to use Caffeine cache in production.You can switch to using Caffeine cache, by adding it and org.springframework.cache.caffeine.CaffeineCacheManager to the classpath.
2023-01-25 12:12:23.536  INFO 16596 --- [restartedMain] o.s.b.a.e.web.EndpointLinksResolver      : Exposing 17 endpoint(s) beneath base path '/actuator'
2023-01-25 12:12:23.612  INFO 16596 --- [restartedMain] o.s.b.w.embedded.tomcat.TomcatWebServer  : Tomcat started on port(s): 62767 (http) with context path ''
2023-01-25 12:12:23.613  INFO 16596 --- [restartedMain] .s.c.n.e.s.EurekaAutoServiceRegistration : Updating port to 62767
2023-01-25 12:12:23.619  INFO 16596 --- [restartedMain] o.s.c.n.eureka.InstanceInfoFactory       : Setting initial instance status as: STARTING
2023-01-25 12:12:23.732  INFO 16596 --- [restartedMain] com.netflix.discovery.DiscoveryClient    : Initializing Eureka in region us-east-1
2023-01-25 12:12:23.741  INFO 16596 --- [restartedMain] c.n.d.s.r.aws.ConfigClusterResolver      : Resolving eureka endpoints via configuration
2023-01-25 12:12:23.776  INFO 16596 --- [restartedMain] com.netflix.discovery.DiscoveryClient    : Disable delta property : false
2023-01-25 12:12:23.776  INFO 16596 --- [restartedMain] com.netflix.discovery.DiscoveryClient    : Single vip registry refresh property : null
2023-01-25 12:12:23.776  INFO 16596 --- [restartedMain] com.netflix.discovery.DiscoveryClient    : Force full registry fetch : false
2023-01-25 12:12:23.777  INFO 16596 --- [restartedMain] com.netflix.discovery.DiscoveryClient    : Application is null : false
2023-01-25 12:12:23.777  INFO 16596 --- [restartedMain] com.netflix.discovery.DiscoveryClient    : Registered Applications size is zero : true
2023-01-25 12:12:23.777  INFO 16596 --- [restartedMain] com.netflix.discovery.DiscoveryClient    : Application version is -1: true
2023-01-25 12:12:23.777  INFO 16596 --- [restartedMain] com.netflix.discovery.DiscoveryClient    : Getting all instance registry info from the eureka server
2023-01-25 12:12:24.235  INFO 16596 --- [restartedMain] com.netflix.discovery.DiscoveryClient    : The response status is 200
2023-01-25 12:12:24.239  INFO 16596 --- [restartedMain] com.netflix.discovery.DiscoveryClient    : Starting heartbeat executor: renew interval is: 30
2023-01-25 12:12:24.242  INFO 16596 --- [restartedMain] c.n.discovery.InstanceInfoReplicator     : InstanceInfoReplicator onDemand update allowed rate per min is 4
2023-01-25 12:12:24.248  INFO 16596 --- [restartedMain] com.netflix.discovery.DiscoveryClient    : Discovery Client initialized at timestamp 1674659544247 with initial instances count: 2
2023-01-25 12:12:24.249  INFO 16596 --- [restartedMain] o.s.c.n.e.s.EurekaServiceRegistry        : Registering application MICROSERVICE-AVALIADOR with eureka with status UP
2023-01-25 12:12:24.250  INFO 16596 --- [restartedMain] com.netflix.discovery.DiscoveryClient    : Saw local status change event StatusChangeEvent [timestamp=1674659544250, current=UP, previous=STARTING]
2023-01-25 12:12:24.252  INFO 16596 --- [DiscoveryClient-InstanceInfoReplicator-0] com.netflix.discovery.DiscoveryClient    : DiscoveryClient_MICROSERVICE-AVALIADOR/microservice-avaliador:cba62b3d5d0e3313159d8074199caf76: registering service...
2023-01-25 12:12:24.383  INFO 16596 --- [DiscoveryClient-InstanceInfoReplicator-0] com.netflix.discovery.DiscoveryClient    : DiscoveryClient_MICROSERVICE-AVALIADOR/microservice-avaliador:cba62b3d5d0e3313159d8074199caf76 - registration status: 204
2023-01-25 12:12:24.621  INFO 16596 --- [restartedMain] n.d.c.m.MicroserviceAvaliadorApplication : Started MicroserviceAvaliadorApplication in 9.425 seconds (JVM running for 10.766)
